Jun 04 2024 20:09:10
{"type":8192,"message":"Return type of Ai1wm_Recursive_Newline_Filter::accept() should either be compatible with FilterIterator::accept(): bool, or the #[\\ReturnTypeWillChange] attribute should be used to temporarily suppress the notice","file":"D:\\LOGICIEL\\xamp\\htdocs\\wordpress\\wp-content\\plugins\\All-In-One-WP-Migration-With-Import-master\\lib\\vendor\\servmask\\filter\\class-ai1wm-recursive-newline-filter.php","line":28}

Jun 04 2024 20:09:10
{"type":8192,"message":"Return type of Ai1wm_Recursive_Newline_Filter::accept() should either be compatible with FilterIterator::accept(): bool, or the #[\\ReturnTypeWillChange] attribute should be used to temporarily suppress the notice","file":"D:\\LOGICIEL\\xamp\\htdocs\\wordpress\\wp-content\\plugins\\All-In-One-WP-Migration-With-Import-master\\lib\\vendor\\servmask\\filter\\class-ai1wm-recursive-newline-filter.php","line":28}

Jun 04 2024 20:09:10
{"type":8192,"message":"Return type of Ai1wm_Recursive_Newline_Filter::accept() should either be compatible with FilterIterator::accept(): bool, or the #[\\ReturnTypeWillChange] attribute should be used to temporarily suppress the notice","file":"D:\\LOGICIEL\\xamp\\htdocs\\wordpress\\wp-content\\plugins\\All-In-One-WP-Migration-With-Import-master\\lib\\vendor\\servmask\\filter\\class-ai1wm-recursive-newline-filter.php","line":28}

Jun 04 2024 20:09:11
{"type":8192,"message":"Return type of Ai1wm_Recursive_Newline_Filter::accept() should either be compatible with FilterIterator::accept(): bool, or the #[\\ReturnTypeWillChange] attribute should be used to temporarily suppress the notice","file":"D:\\LOGICIEL\\xamp\\htdocs\\wordpress\\wp-content\\plugins\\All-In-One-WP-Migration-With-Import-master\\lib\\vendor\\servmask\\filter\\class-ai1wm-recursive-newline-filter.php","line":28}

Jun 04 2024 20:09:11
{"type":8192,"message":"Return type of Ai1wm_Recursive_Newline_Filter::accept() should either be compatible with FilterIterator::accept(): bool, or the #[\\ReturnTypeWillChange] attribute should be used to temporarily suppress the notice","file":"D:\\LOGICIEL\\xamp\\htdocs\\wordpress\\wp-content\\plugins\\All-In-One-WP-Migration-With-Import-master\\lib\\vendor\\servmask\\filter\\class-ai1wm-recursive-newline-filter.php","line":28}

Jun 04 2024 20:09:11
{"type":8192,"message":"Return type of Ai1wm_Recursive_Newline_Filter::accept() should either be compatible with FilterIterator::accept(): bool, or the #[\\ReturnTypeWillChange] attribute should be used to temporarily suppress the notice","file":"D:\\LOGICIEL\\xamp\\htdocs\\wordpress\\wp-content\\plugins\\All-In-One-WP-Migration-With-Import-master\\lib\\vendor\\servmask\\filter\\class-ai1wm-recursive-newline-filter.php","line":28}

Jun 04 2024 20:09:12
{"type":8192,"message":"Return type of Ai1wm_Recursive_Newline_Filter::accept() should either be compatible with FilterIterator::accept(): bool, or the #[\\ReturnTypeWillChange] attribute should be used to temporarily suppress the notice","file":"D:\\LOGICIEL\\xamp\\htdocs\\wordpress\\wp-content\\plugins\\All-In-One-WP-Migration-With-Import-master\\lib\\vendor\\servmask\\filter\\class-ai1wm-recursive-newline-filter.php","line":28}

Jun 04 2024 20:09:12
{"type":8192,"message":"Return type of Ai1wm_Recursive_Newline_Filter::accept() should either be compatible with FilterIterator::accept(): bool, or the #[\\ReturnTypeWillChange] attribute should be used to temporarily suppress the notice","file":"D:\\LOGICIEL\\xamp\\htdocs\\wordpress\\wp-content\\plugins\\All-In-One-WP-Migration-With-Import-master\\lib\\vendor\\servmask\\filter\\class-ai1wm-recursive-newline-filter.php","line":28}

Jun 04 2024 20:09:12
{"type":8192,"message":"Return type of Ai1wm_Recursive_Newline_Filter::accept() should either be compatible with FilterIterator::accept(): bool, or the #[\\ReturnTypeWillChange] attribute should be used to temporarily suppress the notice","file":"D:\\LOGICIEL\\xamp\\htdocs\\wordpress\\wp-content\\plugins\\All-In-One-WP-Migration-With-Import-master\\lib\\vendor\\servmask\\filter\\class-ai1wm-recursive-newline-filter.php","line":28}

Jun 04 2024 20:09:12
{"type":8192,"message":"Return type of Ai1wm_Recursive_Newline_Filter::accept() should either be compatible with FilterIterator::accept(): bool, or the #[\\ReturnTypeWillChange] attribute should be used to temporarily suppress the notice","file":"D:\\LOGICIEL\\xamp\\htdocs\\wordpress\\wp-content\\plugins\\All-In-One-WP-Migration-With-Import-master\\lib\\vendor\\servmask\\filter\\class-ai1wm-recursive-newline-filter.php","line":28}

Jun 04 2024 20:09:13
{"type":8192,"message":"Return type of Ai1wm_Recursive_Newline_Filter::accept() should either be compatible with FilterIterator::accept(): bool, or the #[\\ReturnTypeWillChange] attribute should be used to temporarily suppress the notice","file":"D:\\LOGICIEL\\xamp\\htdocs\\wordpress\\wp-content\\plugins\\All-In-One-WP-Migration-With-Import-master\\lib\\vendor\\servmask\\filter\\class-ai1wm-recursive-newline-filter.php","line":28}

Jun 04 2024 20:09:13
{"type":8192,"message":"Return type of Ai1wm_Recursive_Newline_Filter::accept() should either be compatible with FilterIterator::accept(): bool, or the #[\\ReturnTypeWillChange] attribute should be used to temporarily suppress the notice","file":"D:\\LOGICIEL\\xamp\\htdocs\\wordpress\\wp-content\\plugins\\All-In-One-WP-Migration-With-Import-master\\lib\\vendor\\servmask\\filter\\class-ai1wm-recursive-newline-filter.php","line":28}

Jun 04 2024 20:09:13
{"type":8192,"message":"Return type of Ai1wm_Recursive_Newline_Filter::accept() should either be compatible with FilterIterator::accept(): bool, or the #[\\ReturnTypeWillChange] attribute should be used to temporarily suppress the notice","file":"D:\\LOGICIEL\\xamp\\htdocs\\wordpress\\wp-content\\plugins\\All-In-One-WP-Migration-With-Import-master\\lib\\vendor\\servmask\\filter\\class-ai1wm-recursive-newline-filter.php","line":28}

Jun 04 2024 20:09:14
{"type":8192,"message":"Return type of Ai1wm_Recursive_Newline_Filter::accept() should either be compatible with FilterIterator::accept(): bool, or the #[\\ReturnTypeWillChange] attribute should be used to temporarily suppress the notice","file":"D:\\LOGICIEL\\xamp\\htdocs\\wordpress\\wp-content\\plugins\\All-In-One-WP-Migration-With-Import-master\\lib\\vendor\\servmask\\filter\\class-ai1wm-recursive-newline-filter.php","line":28}

Jun 04 2024 20:09:14
{"type":8192,"message":"Return type of Ai1wm_Recursive_Newline_Filter::accept() should either be compatible with FilterIterator::accept(): bool, or the #[\\ReturnTypeWillChange] attribute should be used to temporarily suppress the notice","file":"D:\\LOGICIEL\\xamp\\htdocs\\wordpress\\wp-content\\plugins\\All-In-One-WP-Migration-With-Import-master\\lib\\vendor\\servmask\\filter\\class-ai1wm-recursive-newline-filter.php","line":28}

Jun 04 2024 20:09:14
{"type":8192,"message":"Return type of Ai1wm_Recursive_Newline_Filter::accept() should either be compatible with FilterIterator::accept(): bool, or the #[\\ReturnTypeWillChange] attribute should be used to temporarily suppress the notice","file":"D:\\LOGICIEL\\xamp\\htdocs\\wordpress\\wp-content\\plugins\\All-In-One-WP-Migration-With-Import-master\\lib\\vendor\\servmask\\filter\\class-ai1wm-recursive-newline-filter.php","line":28}

Jun 04 2024 20:09:14
{"type":8192,"message":"Return type of Ai1wm_Recursive_Newline_Filter::accept() should either be compatible with FilterIterator::accept(): bool, or the #[\\ReturnTypeWillChange] attribute should be used to temporarily suppress the notice","file":"D:\\LOGICIEL\\xamp\\htdocs\\wordpress\\wp-content\\plugins\\All-In-One-WP-Migration-With-Import-master\\lib\\vendor\\servmask\\filter\\class-ai1wm-recursive-newline-filter.php","line":28}

Jun 04 2024 20:09:15
{"type":8192,"message":"Return type of Ai1wm_Recursive_Newline_Filter::accept() should either be compatible with FilterIterator::accept(): bool, or the #[\\ReturnTypeWillChange] attribute should be used to temporarily suppress the notice","file":"D:\\LOGICIEL\\xamp\\htdocs\\wordpress\\wp-content\\plugins\\All-In-One-WP-Migration-With-Import-master\\lib\\vendor\\servmask\\filter\\class-ai1wm-recursive-newline-filter.php","line":28}

Jun 04 2024 20:09:15
{"type":8192,"message":"Return type of Ai1wm_Recursive_Newline_Filter::accept() should either be compatible with FilterIterator::accept(): bool, or the #[\\ReturnTypeWillChange] attribute should be used to temporarily suppress the notice","file":"D:\\LOGICIEL\\xamp\\htdocs\\wordpress\\wp-content\\plugins\\All-In-One-WP-Migration-With-Import-master\\lib\\vendor\\servmask\\filter\\class-ai1wm-recursive-newline-filter.php","line":28}

Jun 04 2024 20:09:15
{"type":8192,"message":"Return type of Ai1wm_Recursive_Newline_Filter::accept() should either be compatible with FilterIterator::accept(): bool, or the #[\\ReturnTypeWillChange] attribute should be used to temporarily suppress the notice","file":"D:\\LOGICIEL\\xamp\\htdocs\\wordpress\\wp-content\\plugins\\All-In-One-WP-Migration-With-Import-master\\lib\\vendor\\servmask\\filter\\class-ai1wm-recursive-newline-filter.php","line":28}

Jun 04 2024 20:09:15
{"type":8192,"message":"Return type of Ai1wm_Recursive_Newline_Filter::accept() should either be compatible with FilterIterator::accept(): bool, or the #[\\ReturnTypeWillChange] attribute should be used to temporarily suppress the notice","file":"D:\\LOGICIEL\\xamp\\htdocs\\wordpress\\wp-content\\plugins\\All-In-One-WP-Migration-With-Import-master\\lib\\vendor\\servmask\\filter\\class-ai1wm-recursive-newline-filter.php","line":28}

Jun 04 2024 20:09:16
{"type":8192,"message":"Return type of Ai1wm_Recursive_Newline_Filter::accept() should either be compatible with FilterIterator::accept(): bool, or the #[\\ReturnTypeWillChange] attribute should be used to temporarily suppress the notice","file":"D:\\LOGICIEL\\xamp\\htdocs\\wordpress\\wp-content\\plugins\\All-In-One-WP-Migration-With-Import-master\\lib\\vendor\\servmask\\filter\\class-ai1wm-recursive-newline-filter.php","line":28}

Jun 04 2024 20:09:16
{"type":8192,"message":"Return type of Ai1wm_Recursive_Newline_Filter::accept() should either be compatible with FilterIterator::accept(): bool, or the #[\\ReturnTypeWillChange] attribute should be used to temporarily suppress the notice","file":"D:\\LOGICIEL\\xamp\\htdocs\\wordpress\\wp-content\\plugins\\All-In-One-WP-Migration-With-Import-master\\lib\\vendor\\servmask\\filter\\class-ai1wm-recursive-newline-filter.php","line":28}

Jun 04 2024 20:09:16
{"type":8192,"message":"Return type of Ai1wm_Recursive_Newline_Filter::accept() should either be compatible with FilterIterator::accept(): bool, or the #[\\ReturnTypeWillChange] attribute should be used to temporarily suppress the notice","file":"D:\\LOGICIEL\\xamp\\htdocs\\wordpress\\wp-content\\plugins\\All-In-One-WP-Migration-With-Import-master\\lib\\vendor\\servmask\\filter\\class-ai1wm-recursive-newline-filter.php","line":28}

Jun 04 2024 20:09:16
{"type":8192,"message":"Return type of Ai1wm_Recursive_Newline_Filter::accept() should either be compatible with FilterIterator::accept(): bool, or the #[\\ReturnTypeWillChange] attribute should be used to temporarily suppress the notice","file":"D:\\LOGICIEL\\xamp\\htdocs\\wordpress\\wp-content\\plugins\\All-In-One-WP-Migration-With-Import-master\\lib\\vendor\\servmask\\filter\\class-ai1wm-recursive-newline-filter.php","line":28}

Jun 04 2024 20:09:17
{"type":8192,"message":"Return type of Ai1wm_Recursive_Newline_Filter::accept() should either be compatible with FilterIterator::accept(): bool, or the #[\\ReturnTypeWillChange] attribute should be used to temporarily suppress the notice","file":"D:\\LOGICIEL\\xamp\\htdocs\\wordpress\\wp-content\\plugins\\All-In-One-WP-Migration-With-Import-master\\lib\\vendor\\servmask\\filter\\class-ai1wm-recursive-newline-filter.php","line":28}

Jun 04 2024 20:09:17
{"type":8192,"message":"Return type of Ai1wm_Recursive_Newline_Filter::accept() should either be compatible with FilterIterator::accept(): bool, or the #[\\ReturnTypeWillChange] attribute should be used to temporarily suppress the notice","file":"D:\\LOGICIEL\\xamp\\htdocs\\wordpress\\wp-content\\plugins\\All-In-One-WP-Migration-With-Import-master\\lib\\vendor\\servmask\\filter\\class-ai1wm-recursive-newline-filter.php","line":28}

Jun 04 2024 20:09:17
{"type":8192,"message":"Return type of Ai1wm_Recursive_Newline_Filter::accept() should either be compatible with FilterIterator::accept(): bool, or the #[\\ReturnTypeWillChange] attribute should be used to temporarily suppress the notice","file":"D:\\LOGICIEL\\xamp\\htdocs\\wordpress\\wp-content\\plugins\\All-In-One-WP-Migration-With-Import-master\\lib\\vendor\\servmask\\filter\\class-ai1wm-recursive-newline-filter.php","line":28}

Jun 04 2024 20:09:18
{"type":8192,"message":"Return type of Ai1wm_Recursive_Newline_Filter::accept() should either be compatible with FilterIterator::accept(): bool, or the #[\\ReturnTypeWillChange] attribute should be used to temporarily suppress the notice","file":"D:\\LOGICIEL\\xamp\\htdocs\\wordpress\\wp-content\\plugins\\All-In-One-WP-Migration-With-Import-master\\lib\\vendor\\servmask\\filter\\class-ai1wm-recursive-newline-filter.php","line":28}

Jun 04 2024 20:09:18
{"type":8192,"message":"Return type of Ai1wm_Recursive_Newline_Filter::accept() should either be compatible with FilterIterator::accept(): bool, or the #[\\ReturnTypeWillChange] attribute should be used to temporarily suppress the notice","file":"D:\\LOGICIEL\\xamp\\htdocs\\wordpress\\wp-content\\plugins\\All-In-One-WP-Migration-With-Import-master\\lib\\vendor\\servmask\\filter\\class-ai1wm-recursive-newline-filter.php","line":28}

Jun 04 2024 20:09:18
{"type":8192,"message":"Return type of Ai1wm_Recursive_Newline_Filter::accept() should either be compatible with FilterIterator::accept(): bool, or the #[\\ReturnTypeWillChange] attribute should be used to temporarily suppress the notice","file":"D:\\LOGICIEL\\xamp\\htdocs\\wordpress\\wp-content\\plugins\\All-In-One-WP-Migration-With-Import-master\\lib\\vendor\\servmask\\filter\\class-ai1wm-recursive-newline-filter.php","line":28}

Jun 04 2024 20:09:18
{"type":8192,"message":"Return type of Ai1wm_Recursive_Newline_Filter::accept() should either be compatible with FilterIterator::accept(): bool, or the #[\\ReturnTypeWillChange] attribute should be used to temporarily suppress the notice","file":"D:\\LOGICIEL\\xamp\\htdocs\\wordpress\\wp-content\\plugins\\All-In-One-WP-Migration-With-Import-master\\lib\\vendor\\servmask\\filter\\class-ai1wm-recursive-newline-filter.php","line":28}

Jun 04 2024 20:09:19
{"type":8192,"message":"Return type of Ai1wm_Recursive_Newline_Filter::accept() should either be compatible with FilterIterator::accept(): bool, or the #[\\ReturnTypeWillChange] attribute should be used to temporarily suppress the notice","file":"D:\\LOGICIEL\\xamp\\htdocs\\wordpress\\wp-content\\plugins\\All-In-One-WP-Migration-With-Import-master\\lib\\vendor\\servmask\\filter\\class-ai1wm-recursive-newline-filter.php","line":28}

Jun 04 2024 20:09:19
{"type":8192,"message":"Return type of Ai1wm_Recursive_Newline_Filter::accept() should either be compatible with FilterIterator::accept(): bool, or the #[\\ReturnTypeWillChange] attribute should be used to temporarily suppress the notice","file":"D:\\LOGICIEL\\xamp\\htdocs\\wordpress\\wp-content\\plugins\\All-In-One-WP-Migration-With-Import-master\\lib\\vendor\\servmask\\filter\\class-ai1wm-recursive-newline-filter.php","line":28}

Jun 04 2024 20:09:19
{"type":8192,"message":"Return type of Ai1wm_Recursive_Newline_Filter::accept() should either be compatible with FilterIterator::accept(): bool, or the #[\\ReturnTypeWillChange] attribute should be used to temporarily suppress the notice","file":"D:\\LOGICIEL\\xamp\\htdocs\\wordpress\\wp-content\\plugins\\All-In-One-WP-Migration-With-Import-master\\lib\\vendor\\servmask\\filter\\class-ai1wm-recursive-newline-filter.php","line":28}

Jun 04 2024 20:09:19
{"type":8192,"message":"Return type of Ai1wm_Recursive_Newline_Filter::accept() should either be compatible with FilterIterator::accept(): bool, or the #[\\ReturnTypeWillChange] attribute should be used to temporarily suppress the notice","file":"D:\\LOGICIEL\\xamp\\htdocs\\wordpress\\wp-content\\plugins\\All-In-One-WP-Migration-With-Import-master\\lib\\vendor\\servmask\\filter\\class-ai1wm-recursive-newline-filter.php","line":28}

Jun 04 2024 20:09:20
{"type":8192,"message":"Return type of Ai1wm_Recursive_Newline_Filter::accept() should either be compatible with FilterIterator::accept(): bool, or the #[\\ReturnTypeWillChange] attribute should be used to temporarily suppress the notice","file":"D:\\LOGICIEL\\xamp\\htdocs\\wordpress\\wp-content\\plugins\\All-In-One-WP-Migration-With-Import-master\\lib\\vendor\\servmask\\filter\\class-ai1wm-recursive-newline-filter.php","line":28}

Jun 04 2024 20:09:20
{"type":8192,"message":"Return type of Ai1wm_Recursive_Newline_Filter::accept() should either be compatible with FilterIterator::accept(): bool, or the #[\\ReturnTypeWillChange] attribute should be used to temporarily suppress the notice","file":"D:\\LOGICIEL\\xamp\\htdocs\\wordpress\\wp-content\\plugins\\All-In-One-WP-Migration-With-Import-master\\lib\\vendor\\servmask\\filter\\class-ai1wm-recursive-newline-filter.php","line":28}

Jun 04 2024 20:09:20
{"type":8192,"message":"Return type of Ai1wm_Recursive_Newline_Filter::accept() should either be compatible with FilterIterator::accept(): bool, or the #[\\ReturnTypeWillChange] attribute should be used to temporarily suppress the notice","file":"D:\\LOGICIEL\\xamp\\htdocs\\wordpress\\wp-content\\plugins\\All-In-One-WP-Migration-With-Import-master\\lib\\vendor\\servmask\\filter\\class-ai1wm-recursive-newline-filter.php","line":28}

Jun 04 2024 20:09:21
{"type":8192,"message":"Return type of Ai1wm_Recursive_Newline_Filter::accept() should either be compatible with FilterIterator::accept(): bool, or the #[\\ReturnTypeWillChange] attribute should be used to temporarily suppress the notice","file":"D:\\LOGICIEL\\xamp\\htdocs\\wordpress\\wp-content\\plugins\\All-In-One-WP-Migration-With-Import-master\\lib\\vendor\\servmask\\filter\\class-ai1wm-recursive-newline-filter.php","line":28}

Jun 04 2024 20:09:21
{"type":8192,"message":"Return type of Ai1wm_Recursive_Newline_Filter::accept() should either be compatible with FilterIterator::accept(): bool, or the #[\\ReturnTypeWillChange] attribute should be used to temporarily suppress the notice","file":"D:\\LOGICIEL\\xamp\\htdocs\\wordpress\\wp-content\\plugins\\All-In-One-WP-Migration-With-Import-master\\lib\\vendor\\servmask\\filter\\class-ai1wm-recursive-newline-filter.php","line":28}

Jun 04 2024 20:09:21
{"type":8192,"message":"Return type of Ai1wm_Recursive_Newline_Filter::accept() should either be compatible with FilterIterator::accept(): bool, or the #[\\ReturnTypeWillChange] attribute should be used to temporarily suppress the notice","file":"D:\\LOGICIEL\\xamp\\htdocs\\wordpress\\wp-content\\plugins\\All-In-One-WP-Migration-With-Import-master\\lib\\vendor\\servmask\\filter\\class-ai1wm-recursive-newline-filter.php","line":28}

Jun 04 2024 20:09:21
{"type":8192,"message":"Return type of Ai1wm_Recursive_Newline_Filter::accept() should either be compatible with FilterIterator::accept(): bool, or the #[\\ReturnTypeWillChange] attribute should be used to temporarily suppress the notice","file":"D:\\LOGICIEL\\xamp\\htdocs\\wordpress\\wp-content\\plugins\\All-In-One-WP-Migration-With-Import-master\\lib\\vendor\\servmask\\filter\\class-ai1wm-recursive-newline-filter.php","line":28}

Jun 04 2024 20:09:22
{"type":8192,"message":"Return type of Ai1wm_Recursive_Newline_Filter::accept() should either be compatible with FilterIterator::accept(): bool, or the #[\\ReturnTypeWillChange] attribute should be used to temporarily suppress the notice","file":"D:\\LOGICIEL\\xamp\\htdocs\\wordpress\\wp-content\\plugins\\All-In-One-WP-Migration-With-Import-master\\lib\\vendor\\servmask\\filter\\class-ai1wm-recursive-newline-filter.php","line":28}

Jun 04 2024 20:09:22
{"type":8192,"message":"Return type of Ai1wm_Recursive_Newline_Filter::accept() should either be compatible with FilterIterator::accept(): bool, or the #[\\ReturnTypeWillChange] attribute should be used to temporarily suppress the notice","file":"D:\\LOGICIEL\\xamp\\htdocs\\wordpress\\wp-content\\plugins\\All-In-One-WP-Migration-With-Import-master\\lib\\vendor\\servmask\\filter\\class-ai1wm-recursive-newline-filter.php","line":28}

Jun 04 2024 20:12:23
{"type":8192,"message":"Return type of Ai1wm_Recursive_Newline_Filter::accept() should either be compatible with FilterIterator::accept(): bool, or the #[\\ReturnTypeWillChange] attribute should be used to temporarily suppress the notice","file":"D:\\LOGICIEL\\xamp\\htdocs\\wordpress\\wp-content\\plugins\\All-In-One-WP-Migration-With-Import-master\\lib\\vendor\\servmask\\filter\\class-ai1wm-recursive-newline-filter.php","line":28}

Jun 04 2024 20:12:24
{"type":8192,"message":"Return type of Ai1wm_Recursive_Newline_Filter::accept() should either be compatible with FilterIterator::accept(): bool, or the #[\\ReturnTypeWillChange] attribute should be used to temporarily suppress the notice","file":"D:\\LOGICIEL\\xamp\\htdocs\\wordpress\\wp-content\\plugins\\All-In-One-WP-Migration-With-Import-master\\lib\\vendor\\servmask\\filter\\class-ai1wm-recursive-newline-filter.php","line":28}

Jun 04 2024 20:12:34
{"type":8192,"message":"Return type of Ai1wm_Recursive_Newline_Filter::accept() should either be compatible with FilterIterator::accept(): bool, or the #[\\ReturnTypeWillChange] attribute should be used to temporarily suppress the notice","file":"D:\\LOGICIEL\\xamp\\htdocs\\wordpress\\wp-content\\plugins\\All-In-One-WP-Migration-With-Import-master\\lib\\vendor\\servmask\\filter\\class-ai1wm-recursive-newline-filter.php","line":28}

Jun 04 2024 20:12:43
{"type":8192,"message":"Return type of Ai1wm_Recursive_Newline_Filter::accept() should either be compatible with FilterIterator::accept(): bool, or the #[\\ReturnTypeWillChange] attribute should be used to temporarily suppress the notice","file":"D:\\LOGICIEL\\xamp\\htdocs\\wordpress\\wp-content\\plugins\\All-In-One-WP-Migration-With-Import-master\\lib\\vendor\\servmask\\filter\\class-ai1wm-recursive-newline-filter.php","line":28}

Jun 04 2024 20:12:43
{"type":8192,"message":"Return type of Ai1wm_Recursive_Newline_Filter::accept() should either be compatible with FilterIterator::accept(): bool, or the #[\\ReturnTypeWillChange] attribute should be used to temporarily suppress the notice","file":"D:\\LOGICIEL\\xamp\\htdocs\\wordpress\\wp-content\\plugins\\All-In-One-WP-Migration-With-Import-master\\lib\\vendor\\servmask\\filter\\class-ai1wm-recursive-newline-filter.php","line":28}

Jun 04 2024 20:12:44
{"Number":8192,"Message":"rtrim(): Passing null to parameter #1 ($string) of type string is deprecated","File":"D:\\LOGICIEL\\xamp\\htdocs\\wordpress\\wp-includes\\formatting.php","Line":2831}

Jun 04 2024 20:12:44
{"Number":8192,"Message":"rtrim(): Passing null to parameter #1 ($string) of type string is deprecated","File":"D:\\LOGICIEL\\xamp\\htdocs\\wordpress\\wp-includes\\formatting.php","Line":2831}

Jun 04 2024 20:12:44
{"Number":8192,"Message":"rtrim(): Passing null to parameter #1 ($string) of type string is deprecated","File":"D:\\LOGICIEL\\xamp\\htdocs\\wordpress\\wp-includes\\formatting.php","Line":2831}

Jun 04 2024 20:12:44
{"Number":8192,"Message":"rtrim(): Passing null to parameter #1 ($string) of type string is deprecated","File":"D:\\LOGICIEL\\xamp\\htdocs\\wordpress\\wp-includes\\formatting.php","Line":2831}

Jun 04 2024 20:12:44
{"Number":8192,"Message":"rtrim(): Passing null to parameter #1 ($string) of type string is deprecated","File":"D:\\LOGICIEL\\xamp\\htdocs\\wordpress\\wp-includes\\formatting.php","Line":2831}

Jun 04 2024 20:12:44
{"Number":8192,"Message":"rtrim(): Passing null to parameter #1 ($string) of type string is deprecated","File":"D:\\LOGICIEL\\xamp\\htdocs\\wordpress\\wp-includes\\formatting.php","Line":2831}

Jun 04 2024 20:12:44
{"Number":8192,"Message":"rtrim(): Passing null to parameter #1 ($string) of type string is deprecated","File":"D:\\LOGICIEL\\xamp\\htdocs\\wordpress\\wp-includes\\formatting.php","Line":2831}

Jun 04 2024 20:12:44
{"Number":8192,"Message":"rtrim(): Passing null to parameter #1 ($string) of type string is deprecated","File":"D:\\LOGICIEL\\xamp\\htdocs\\wordpress\\wp-includes\\formatting.php","Line":2831}

Jun 04 2024 20:12:44
{"Number":8192,"Message":"rtrim(): Passing null to parameter #1 ($string) of type string is deprecated","File":"D:\\LOGICIEL\\xamp\\htdocs\\wordpress\\wp-includes\\formatting.php","Line":2831}

Jun 04 2024 20:12:44
{"Number":8192,"Message":"rtrim(): Passing null to parameter #1 ($string) of type string is deprecated","File":"D:\\LOGICIEL\\xamp\\htdocs\\wordpress\\wp-includes\\formatting.php","Line":2831}

Jun 04 2024 20:12:44
{"Number":8192,"Message":"rtrim(): Passing null to parameter #1 ($string) of type string is deprecated","File":"D:\\LOGICIEL\\xamp\\htdocs\\wordpress\\wp-includes\\formatting.php","Line":2831}

Jun 04 2024 20:12:44
{"Number":8192,"Message":"rtrim(): Passing null to parameter #1 ($string) of type string is deprecated","File":"D:\\LOGICIEL\\xamp\\htdocs\\wordpress\\wp-includes\\formatting.php","Line":2831}

Jun 04 2024 20:12:44
{"Number":8192,"Message":"rtrim(): Passing null to parameter #1 ($string) of type string is deprecated","File":"D:\\LOGICIEL\\xamp\\htdocs\\wordpress\\wp-includes\\formatting.php","Line":2831}

Jun 04 2024 20:12:44
{"Number":8192,"Message":"rtrim(): Passing null to parameter #1 ($string) of type string is deprecated","File":"D:\\LOGICIEL\\xamp\\htdocs\\wordpress\\wp-includes\\formatting.php","Line":2831}

Jun 04 2024 20:12:44
{"Number":8192,"Message":"rtrim(): Passing null to parameter #1 ($string) of type string is deprecated","File":"D:\\LOGICIEL\\xamp\\htdocs\\wordpress\\wp-includes\\formatting.php","Line":2831}

Jun 04 2024 20:12:44
{"Number":8192,"Message":"rtrim(): Passing null to parameter #1 ($string) of type string is deprecated","File":"D:\\LOGICIEL\\xamp\\htdocs\\wordpress\\wp-includes\\formatting.php","Line":2831}

Jun 04 2024 20:12:44
{"Number":8192,"Message":"rtrim(): Passing null to parameter #1 ($string) of type string is deprecated","File":"D:\\LOGICIEL\\xamp\\htdocs\\wordpress\\wp-includes\\formatting.php","Line":2831}

Jun 04 2024 20:12:44
{"Number":8192,"Message":"rtrim(): Passing null to parameter #1 ($string) of type string is deprecated","File":"D:\\LOGICIEL\\xamp\\htdocs\\wordpress\\wp-includes\\formatting.php","Line":2831}

Jun 04 2024 20:12:44
{"Number":8192,"Message":"rtrim(): Passing null to parameter #1 ($string) of type string is deprecated","File":"D:\\LOGICIEL\\xamp\\htdocs\\wordpress\\wp-includes\\formatting.php","Line":2831}

Jun 04 2024 20:12:44
{"Number":8192,"Message":"rtrim(): Passing null to parameter #1 ($string) of type string is deprecated","File":"D:\\LOGICIEL\\xamp\\htdocs\\wordpress\\wp-includes\\formatting.php","Line":2831}

Jun 04 2024 20:12:44
{"Number":8192,"Message":"rtrim(): Passing null to parameter #1 ($string) of type string is deprecated","File":"D:\\LOGICIEL\\xamp\\htdocs\\wordpress\\wp-includes\\formatting.php","Line":2831}

Jun 04 2024 20:12:44
{"Number":8192,"Message":"rtrim(): Passing null to parameter #1 ($string) of type string is deprecated","File":"D:\\LOGICIEL\\xamp\\htdocs\\wordpress\\wp-includes\\formatting.php","Line":2831}

Jun 04 2024 20:12:44
{"Number":8192,"Message":"rtrim(): Passing null to parameter #1 ($string) of type string is deprecated","File":"D:\\LOGICIEL\\xamp\\htdocs\\wordpress\\wp-includes\\formatting.php","Line":2831}

Jun 04 2024 20:12:44
{"Number":8192,"Message":"rtrim(): Passing null to parameter #1 ($string) of type string is deprecated","File":"D:\\LOGICIEL\\xamp\\htdocs\\wordpress\\wp-includes\\formatting.php","Line":2831}

Jun 04 2024 20:12:44
{"Number":8192,"Message":"rtrim(): Passing null to parameter #1 ($string) of type string is deprecated","File":"D:\\LOGICIEL\\xamp\\htdocs\\wordpress\\wp-includes\\formatting.php","Line":2831}

Jun 04 2024 20:12:44
{"Number":8192,"Message":"rtrim(): Passing null to parameter #1 ($string) of type string is deprecated","File":"D:\\LOGICIEL\\xamp\\htdocs\\wordpress\\wp-includes\\formatting.php","Line":2831}

Jun 04 2024 20:12:44
{"Number":8192,"Message":"rtrim(): Passing null to parameter #1 ($string) of type string is deprecated","File":"D:\\LOGICIEL\\xamp\\htdocs\\wordpress\\wp-includes\\formatting.php","Line":2831}

Jun 04 2024 20:12:44
{"Number":8192,"Message":"rtrim(): Passing null to parameter #1 ($string) of type string is deprecated","File":"D:\\LOGICIEL\\xamp\\htdocs\\wordpress\\wp-includes\\formatting.php","Line":2831}

Jun 04 2024 20:12:44
{"Number":8192,"Message":"rtrim(): Passing null to parameter #1 ($string) of type string is deprecated","File":"D:\\LOGICIEL\\xamp\\htdocs\\wordpress\\wp-includes\\formatting.php","Line":2831}

Jun 04 2024 20:12:44
{"Number":8192,"Message":"rtrim(): Passing null to parameter #1 ($string) of type string is deprecated","File":"D:\\LOGICIEL\\xamp\\htdocs\\wordpress\\wp-includes\\formatting.php","Line":2831}

Jun 04 2024 20:12:44
{"Number":8192,"Message":"Creation of dynamic property Ai1wm_Database_Mysqli::$old_replace_raw_values is deprecated","File":"D:\\LOGICIEL\\xamp\\htdocs\\wordpress\\wp-content\\plugins\\All-In-One-WP-Migration-With-Import-master\\lib\\vendor\\servmask\\database\\class-ai1wm-database.php","Line":300}

Jun 04 2024 20:12:44
{"Number":8192,"Message":"Creation of dynamic property Ai1wm_Database_Mysqli::$new_replace_raw_values is deprecated","File":"D:\\LOGICIEL\\xamp\\htdocs\\wordpress\\wp-content\\plugins\\All-In-One-WP-Migration-With-Import-master\\lib\\vendor\\servmask\\database\\class-ai1wm-database.php","Line":321}

Jun 04 2024 20:12:54
{"type":8192,"message":"Return type of Ai1wm_Recursive_Newline_Filter::accept() should either be compatible with FilterIterator::accept(): bool, or the #[\\ReturnTypeWillChange] attribute should be used to temporarily suppress the notice","file":"D:\\LOGICIEL\\xamp\\htdocs\\wordpress\\wp-content\\plugins\\All-In-One-WP-Migration-With-Import-master\\lib\\vendor\\servmask\\filter\\class-ai1wm-recursive-newline-filter.php","line":28}

Jun 04 2024 20:12:54
{"Number":8192,"Message":"rtrim(): Passing null to parameter #1 ($string) of type string is deprecated","File":"D:\\LOGICIEL\\xamp\\htdocs\\wordpress\\wp-includes\\formatting.php","Line":2831}

Jun 04 2024 20:12:54
{"Number":8192,"Message":"rtrim(): Passing null to parameter #1 ($string) of type string is deprecated","File":"D:\\LOGICIEL\\xamp\\htdocs\\wordpress\\wp-includes\\formatting.php","Line":2831}

Jun 04 2024 20:12:54
{"Number":8192,"Message":"rtrim(): Passing null to parameter #1 ($string) of type string is deprecated","File":"D:\\LOGICIEL\\xamp\\htdocs\\wordpress\\wp-includes\\formatting.php","Line":2831}

Jun 04 2024 20:12:54
{"Number":8192,"Message":"rtrim(): Passing null to parameter #1 ($string) of type string is deprecated","File":"D:\\LOGICIEL\\xamp\\htdocs\\wordpress\\wp-includes\\formatting.php","Line":2831}

Jun 04 2024 20:12:54
{"Number":8192,"Message":"rtrim(): Passing null to parameter #1 ($string) of type string is deprecated","File":"D:\\LOGICIEL\\xamp\\htdocs\\wordpress\\wp-includes\\formatting.php","Line":2831}

Jun 04 2024 20:12:54
{"Number":8192,"Message":"rtrim(): Passing null to parameter #1 ($string) of type string is deprecated","File":"D:\\LOGICIEL\\xamp\\htdocs\\wordpress\\wp-includes\\formatting.php","Line":2831}

Jun 04 2024 20:12:54
{"Number":8192,"Message":"rtrim(): Passing null to parameter #1 ($string) of type string is deprecated","File":"D:\\LOGICIEL\\xamp\\htdocs\\wordpress\\wp-includes\\formatting.php","Line":2831}

Jun 04 2024 20:12:54
{"Number":8192,"Message":"rtrim(): Passing null to parameter #1 ($string) of type string is deprecated","File":"D:\\LOGICIEL\\xamp\\htdocs\\wordpress\\wp-includes\\formatting.php","Line":2831}

Jun 04 2024 20:12:54
{"Number":8192,"Message":"rtrim(): Passing null to parameter #1 ($string) of type string is deprecated","File":"D:\\LOGICIEL\\xamp\\htdocs\\wordpress\\wp-includes\\formatting.php","Line":2831}

Jun 04 2024 20:12:54
{"Number":8192,"Message":"rtrim(): Passing null to parameter #1 ($string) of type string is deprecated","File":"D:\\LOGICIEL\\xamp\\htdocs\\wordpress\\wp-includes\\formatting.php","Line":2831}

Jun 04 2024 20:12:54
{"Number":8192,"Message":"rtrim(): Passing null to parameter #1 ($string) of type string is deprecated","File":"D:\\LOGICIEL\\xamp\\htdocs\\wordpress\\wp-includes\\formatting.php","Line":2831}

Jun 04 2024 20:12:54
{"Number":8192,"Message":"rtrim(): Passing null to parameter #1 ($string) of type string is deprecated","File":"D:\\LOGICIEL\\xamp\\htdocs\\wordpress\\wp-includes\\formatting.php","Line":2831}

Jun 04 2024 20:12:54
{"Number":8192,"Message":"rtrim(): Passing null to parameter #1 ($string) of type string is deprecated","File":"D:\\LOGICIEL\\xamp\\htdocs\\wordpress\\wp-includes\\formatting.php","Line":2831}

Jun 04 2024 20:12:54
{"Number":8192,"Message":"rtrim(): Passing null to parameter #1 ($string) of type string is deprecated","File":"D:\\LOGICIEL\\xamp\\htdocs\\wordpress\\wp-includes\\formatting.php","Line":2831}

Jun 04 2024 20:12:54
{"Number":8192,"Message":"rtrim(): Passing null to parameter #1 ($string) of type string is deprecated","File":"D:\\LOGICIEL\\xamp\\htdocs\\wordpress\\wp-includes\\formatting.php","Line":2831}

Jun 04 2024 20:12:54
{"Number":8192,"Message":"rtrim(): Passing null to parameter #1 ($string) of type string is deprecated","File":"D:\\LOGICIEL\\xamp\\htdocs\\wordpress\\wp-includes\\formatting.php","Line":2831}

Jun 04 2024 20:12:54
{"Number":8192,"Message":"rtrim(): Passing null to parameter #1 ($string) of type string is deprecated","File":"D:\\LOGICIEL\\xamp\\htdocs\\wordpress\\wp-includes\\formatting.php","Line":2831}

Jun 04 2024 20:12:54
{"Number":8192,"Message":"rtrim(): Passing null to parameter #1 ($string) of type string is deprecated","File":"D:\\LOGICIEL\\xamp\\htdocs\\wordpress\\wp-includes\\formatting.php","Line":2831}

Jun 04 2024 20:12:54
{"Number":8192,"Message":"rtrim(): Passing null to parameter #1 ($string) of type string is deprecated","File":"D:\\LOGICIEL\\xamp\\htdocs\\wordpress\\wp-includes\\formatting.php","Line":2831}

Jun 04 2024 20:12:54
{"Number":8192,"Message":"rtrim(): Passing null to parameter #1 ($string) of type string is deprecated","File":"D:\\LOGICIEL\\xamp\\htdocs\\wordpress\\wp-includes\\formatting.php","Line":2831}

Jun 04 2024 20:12:54
{"Number":8192,"Message":"rtrim(): Passing null to parameter #1 ($string) of type string is deprecated","File":"D:\\LOGICIEL\\xamp\\htdocs\\wordpress\\wp-includes\\formatting.php","Line":2831}

Jun 04 2024 20:12:54
{"Number":8192,"Message":"rtrim(): Passing null to parameter #1 ($string) of type string is deprecated","File":"D:\\LOGICIEL\\xamp\\htdocs\\wordpress\\wp-includes\\formatting.php","Line":2831}

Jun 04 2024 20:12:54
{"Number":8192,"Message":"rtrim(): Passing null to parameter #1 ($string) of type string is deprecated","File":"D:\\LOGICIEL\\xamp\\htdocs\\wordpress\\wp-includes\\formatting.php","Line":2831}

Jun 04 2024 20:12:54
{"Number":8192,"Message":"rtrim(): Passing null to parameter #1 ($string) of type string is deprecated","File":"D:\\LOGICIEL\\xamp\\htdocs\\wordpress\\wp-includes\\formatting.php","Line":2831}

Jun 04 2024 20:12:54
{"Number":8192,"Message":"rtrim(): Passing null to parameter #1 ($string) of type string is deprecated","File":"D:\\LOGICIEL\\xamp\\htdocs\\wordpress\\wp-includes\\formatting.php","Line":2831}

Jun 04 2024 20:12:54
{"Number":8192,"Message":"rtrim(): Passing null to parameter #1 ($string) of type string is deprecated","File":"D:\\LOGICIEL\\xamp\\htdocs\\wordpress\\wp-includes\\formatting.php","Line":2831}

Jun 04 2024 20:12:54
{"Number":8192,"Message":"rtrim(): Passing null to parameter #1 ($string) of type string is deprecated","File":"D:\\LOGICIEL\\xamp\\htdocs\\wordpress\\wp-includes\\formatting.php","Line":2831}

Jun 04 2024 20:12:54
{"Number":8192,"Message":"rtrim(): Passing null to parameter #1 ($string) of type string is deprecated","File":"D:\\LOGICIEL\\xamp\\htdocs\\wordpress\\wp-includes\\formatting.php","Line":2831}

Jun 04 2024 20:12:54
{"Number":8192,"Message":"rtrim(): Passing null to parameter #1 ($string) of type string is deprecated","File":"D:\\LOGICIEL\\xamp\\htdocs\\wordpress\\wp-includes\\formatting.php","Line":2831}

Jun 04 2024 20:12:54
{"Number":8192,"Message":"rtrim(): Passing null to parameter #1 ($string) of type string is deprecated","File":"D:\\LOGICIEL\\xamp\\htdocs\\wordpress\\wp-includes\\formatting.php","Line":2831}

Jun 04 2024 20:12:54
{"Number":8192,"Message":"Creation of dynamic property Ai1wm_Database_Mysqli::$old_replace_raw_values is deprecated","File":"D:\\LOGICIEL\\xamp\\htdocs\\wordpress\\wp-content\\plugins\\All-In-One-WP-Migration-With-Import-master\\lib\\vendor\\servmask\\database\\class-ai1wm-database.php","Line":300}

Jun 04 2024 20:12:54
{"Number":8192,"Message":"Creation of dynamic property Ai1wm_Database_Mysqli::$new_replace_raw_values is deprecated","File":"D:\\LOGICIEL\\xamp\\htdocs\\wordpress\\wp-content\\plugins\\All-In-One-WP-Migration-With-Import-master\\lib\\vendor\\servmask\\database\\class-ai1wm-database.php","Line":321}

Jun 04 2024 20:13:05
{"type":8192,"message":"Return type of Ai1wm_Recursive_Newline_Filter::accept() should either be compatible with FilterIterator::accept(): bool, or the #[\\ReturnTypeWillChange] attribute should be used to temporarily suppress the notice","file":"D:\\LOGICIEL\\xamp\\htdocs\\wordpress\\wp-content\\plugins\\All-In-One-WP-Migration-With-Import-master\\lib\\vendor\\servmask\\filter\\class-ai1wm-recursive-newline-filter.php","line":28}

Jun 04 2024 20:13:05
{"Number":8192,"Message":"rtrim(): Passing null to parameter #1 ($string) of type string is deprecated","File":"D:\\LOGICIEL\\xamp\\htdocs\\wordpress\\wp-includes\\formatting.php","Line":2831}

Jun 04 2024 20:13:05
{"Number":8192,"Message":"rtrim(): Passing null to parameter #1 ($string) of type string is deprecated","File":"D:\\LOGICIEL\\xamp\\htdocs\\wordpress\\wp-includes\\formatting.php","Line":2831}

Jun 04 2024 20:13:05
{"Number":8192,"Message":"rtrim(): Passing null to parameter #1 ($string) of type string is deprecated","File":"D:\\LOGICIEL\\xamp\\htdocs\\wordpress\\wp-includes\\formatting.php","Line":2831}

Jun 04 2024 20:13:05
{"Number":8192,"Message":"rtrim(): Passing null to parameter #1 ($string) of type string is deprecated","File":"D:\\LOGICIEL\\xamp\\htdocs\\wordpress\\wp-includes\\formatting.php","Line":2831}

Jun 04 2024 20:13:05
{"Number":8192,"Message":"rtrim(): Passing null to parameter #1 ($string) of type string is deprecated","File":"D:\\LOGICIEL\\xamp\\htdocs\\wordpress\\wp-includes\\formatting.php","Line":2831}

Jun 04 2024 20:13:05
{"Number":8192,"Message":"rtrim(): Passing null to parameter #1 ($string) of type string is deprecated","File":"D:\\LOGICIEL\\xamp\\htdocs\\wordpress\\wp-includes\\formatting.php","Line":2831}

Jun 04 2024 20:13:05
{"Number":8192,"Message":"rtrim(): Passing null to parameter #1 ($string) of type string is deprecated","File":"D:\\LOGICIEL\\xamp\\htdocs\\wordpress\\wp-includes\\formatting.php","Line":2831}

Jun 04 2024 20:13:05
{"Number":8192,"Message":"rtrim(): Passing null to parameter #1 ($string) of type string is deprecated","File":"D:\\LOGICIEL\\xamp\\htdocs\\wordpress\\wp-includes\\formatting.php","Line":2831}

Jun 04 2024 20:13:05
{"Number":8192,"Message":"rtrim(): Passing null to parameter #1 ($string) of type string is deprecated","File":"D:\\LOGICIEL\\xamp\\htdocs\\wordpress\\wp-includes\\formatting.php","Line":2831}

Jun 04 2024 20:13:05
{"Number":8192,"Message":"rtrim(): Passing null to parameter #1 ($string) of type string is deprecated","File":"D:\\LOGICIEL\\xamp\\htdocs\\wordpress\\wp-includes\\formatting.php","Line":2831}

Jun 04 2024 20:13:05
{"Number":8192,"Message":"rtrim(): Passing null to parameter #1 ($string) of type string is deprecated","File":"D:\\LOGICIEL\\xamp\\htdocs\\wordpress\\wp-includes\\formatting.php","Line":2831}

Jun 04 2024 20:13:05
{"Number":8192,"Message":"rtrim(): Passing null to parameter #1 ($string) of type string is deprecated","File":"D:\\LOGICIEL\\xamp\\htdocs\\wordpress\\wp-includes\\formatting.php","Line":2831}

Jun 04 2024 20:13:05
{"Number":8192,"Message":"rtrim(): Passing null to parameter #1 ($string) of type string is deprecated","File":"D:\\LOGICIEL\\xamp\\htdocs\\wordpress\\wp-includes\\formatting.php","Line":2831}

Jun 04 2024 20:13:05
{"Number":8192,"Message":"rtrim(): Passing null to parameter #1 ($string) of type string is deprecated","File":"D:\\LOGICIEL\\xamp\\htdocs\\wordpress\\wp-includes\\formatting.php","Line":2831}

Jun 04 2024 20:13:05
{"Number":8192,"Message":"rtrim(): Passing null to parameter #1 ($string) of type string is deprecated","File":"D:\\LOGICIEL\\xamp\\htdocs\\wordpress\\wp-includes\\formatting.php","Line":2831}

Jun 04 2024 20:13:05
{"Number":8192,"Message":"rtrim(): Passing null to parameter #1 ($string) of type string is deprecated","File":"D:\\LOGICIEL\\xamp\\htdocs\\wordpress\\wp-includes\\formatting.php","Line":2831}

Jun 04 2024 20:13:05
{"Number":8192,"Message":"rtrim(): Passing null to parameter #1 ($string) of type string is deprecated","File":"D:\\LOGICIEL\\xamp\\htdocs\\wordpress\\wp-includes\\formatting.php","Line":2831}

Jun 04 2024 20:13:05
{"Number":8192,"Message":"rtrim(): Passing null to parameter #1 ($string) of type string is deprecated","File":"D:\\LOGICIEL\\xamp\\htdocs\\wordpress\\wp-includes\\formatting.php","Line":2831}

Jun 04 2024 20:13:05
{"Number":8192,"Message":"rtrim(): Passing null to parameter #1 ($string) of type string is deprecated","File":"D:\\LOGICIEL\\xamp\\htdocs\\wordpress\\wp-includes\\formatting.php","Line":2831}

Jun 04 2024 20:13:05
{"Number":8192,"Message":"rtrim(): Passing null to parameter #1 ($string) of type string is deprecated","File":"D:\\LOGICIEL\\xamp\\htdocs\\wordpress\\wp-includes\\formatting.php","Line":2831}

Jun 04 2024 20:13:05
{"Number":8192,"Message":"rtrim(): Passing null to parameter #1 ($string) of type string is deprecated","File":"D:\\LOGICIEL\\xamp\\htdocs\\wordpress\\wp-includes\\formatting.php","Line":2831}

Jun 04 2024 20:13:05
{"Number":8192,"Message":"rtrim(): Passing null to parameter #1 ($string) of type string is deprecated","File":"D:\\LOGICIEL\\xamp\\htdocs\\wordpress\\wp-includes\\formatting.php","Line":2831}

Jun 04 2024 20:13:05
{"Number":8192,"Message":"rtrim(): Passing null to parameter #1 ($string) of type string is deprecated","File":"D:\\LOGICIEL\\xamp\\htdocs\\wordpress\\wp-includes\\formatting.php","Line":2831}

Jun 04 2024 20:13:05
{"Number":8192,"Message":"rtrim(): Passing null to parameter #1 ($string) of type string is deprecated","File":"D:\\LOGICIEL\\xamp\\htdocs\\wordpress\\wp-includes\\formatting.php","Line":2831}

Jun 04 2024 20:13:05
{"Number":8192,"Message":"rtrim(): Passing null to parameter #1 ($string) of type string is deprecated","File":"D:\\LOGICIEL\\xamp\\htdocs\\wordpress\\wp-includes\\formatting.php","Line":2831}

Jun 04 2024 20:13:05
{"Number":8192,"Message":"rtrim(): Passing null to parameter #1 ($string) of type string is deprecated","File":"D:\\LOGICIEL\\xamp\\htdocs\\wordpress\\wp-includes\\formatting.php","Line":2831}

Jun 04 2024 20:13:05
{"Number":8192,"Message":"rtrim(): Passing null to parameter #1 ($string) of type string is deprecated","File":"D:\\LOGICIEL\\xamp\\htdocs\\wordpress\\wp-includes\\formatting.php","Line":2831}

Jun 04 2024 20:13:05
{"Number":8192,"Message":"rtrim(): Passing null to parameter #1 ($string) of type string is deprecated","File":"D:\\LOGICIEL\\xamp\\htdocs\\wordpress\\wp-includes\\formatting.php","Line":2831}

Jun 04 2024 20:13:05
{"Number":8192,"Message":"rtrim(): Passing null to parameter #1 ($string) of type string is deprecated","File":"D:\\LOGICIEL\\xamp\\htdocs\\wordpress\\wp-includes\\formatting.php","Line":2831}

Jun 04 2024 20:13:05
{"Number":8192,"Message":"rtrim(): Passing null to parameter #1 ($string) of type string is deprecated","File":"D:\\LOGICIEL\\xamp\\htdocs\\wordpress\\wp-includes\\formatting.php","Line":2831}

Jun 04 2024 20:13:05
{"Number":8192,"Message":"Creation of dynamic property Ai1wm_Database_Mysqli::$old_replace_raw_values is deprecated","File":"D:\\LOGICIEL\\xamp\\htdocs\\wordpress\\wp-content\\plugins\\All-In-One-WP-Migration-With-Import-master\\lib\\vendor\\servmask\\database\\class-ai1wm-database.php","Line":300}

Jun 04 2024 20:13:05
{"Number":8192,"Message":"Creation of dynamic property Ai1wm_Database_Mysqli::$new_replace_raw_values is deprecated","File":"D:\\LOGICIEL\\xamp\\htdocs\\wordpress\\wp-content\\plugins\\All-In-One-WP-Migration-With-Import-master\\lib\\vendor\\servmask\\database\\class-ai1wm-database.php","Line":321}

Jun 04 2024 20:13:14
{"type":8192,"message":"Return type of Ai1wm_Recursive_Newline_Filter::accept() should either be compatible with FilterIterator::accept(): bool, or the #[\\ReturnTypeWillChange] attribute should be used to temporarily suppress the notice","file":"D:\\LOGICIEL\\xamp\\htdocs\\wordpress\\wp-content\\plugins\\All-In-One-WP-Migration-With-Import-master\\lib\\vendor\\servmask\\filter\\class-ai1wm-recursive-newline-filter.php","line":28}

Jun 04 2024 20:13:14
{"type":8192,"message":"Return type of Ai1wm_Recursive_Newline_Filter::accept() should either be compatible with FilterIterator::accept(): bool, or the #[\\ReturnTypeWillChange] attribute should be used to temporarily suppress the notice","file":"D:\\LOGICIEL\\xamp\\htdocs\\wordpress\\wp-content\\plugins\\All-In-One-WP-Migration-With-Import-master\\lib\\vendor\\servmask\\filter\\class-ai1wm-recursive-newline-filter.php","line":28}

Jun 04 2024 20:13:18
{"type":2,"message":"Undefined array key 2","file":"D:\\LOGICIEL\\xamp\\htdocs\\wordpress\\wp-content\\plugins\\hostinger\\hostinger.php","line":51}

Jun 04 2024 20:20:11
{"type":2,"message":"Undefined array key 2","file":"D:\\LOGICIEL\\xamp\\htdocs\\wordpress\\wp-content\\plugins\\hostinger\\hostinger.php","line":51}

Jun 04 2024 20:20:12
{"type":2,"message":"Undefined array key 2","file":"D:\\LOGICIEL\\xamp\\htdocs\\wordpress\\wp-content\\plugins\\hostinger\\hostinger.php","line":51}

Jun 04 2024 20:20:12
{"type":2,"message":"Undefined array key 2","file":"D:\\LOGICIEL\\xamp\\htdocs\\wordpress\\wp-content\\plugins\\hostinger\\hostinger.php","line":51}

Jun 04 2024 20:20:13
{"type":2,"message":"Undefined array key 2","file":"D:\\LOGICIEL\\xamp\\htdocs\\wordpress\\wp-content\\plugins\\hostinger\\hostinger.php","line":51}

Jun 04 2024 20:20:14
{"type":2,"message":"Undefined array key 2","file":"D:\\LOGICIEL\\xamp\\htdocs\\wordpress\\wp-content\\plugins\\hostinger\\hostinger.php","line":51}

Jun 04 2024 20:20:16
{"type":2,"message":"Undefined array key 2","file":"D:\\LOGICIEL\\xamp\\htdocs\\wordpress\\wp-content\\plugins\\hostinger\\hostinger.php","line":51}

Jun 04 2024 20:20:16
{"type":2,"message":"Undefined array key 2","file":"D:\\LOGICIEL\\xamp\\htdocs\\wordpress\\wp-content\\plugins\\hostinger\\hostinger.php","line":51}

Jun 04 2024 20:20:17
{"type":2,"message":"Undefined array key 2","file":"D:\\LOGICIEL\\xamp\\htdocs\\wordpress\\wp-content\\plugins\\hostinger\\hostinger.php","line":51}

Jun 04 2024 20:20:18
{"type":2,"message":"Undefined array key 2","file":"D:\\LOGICIEL\\xamp\\htdocs\\wordpress\\wp-content\\plugins\\hostinger\\hostinger.php","line":51}

Jun 04 2024 20:20:19
{"type":2,"message":"Undefined array key 2","file":"D:\\LOGICIEL\\xamp\\htdocs\\wordpress\\wp-content\\plugins\\hostinger\\hostinger.php","line":51}

Jun 04 2024 20:20:19
{"type":2,"message":"Undefined array key 2","file":"D:\\LOGICIEL\\xamp\\htdocs\\wordpress\\wp-content\\plugins\\hostinger\\hostinger.php","line":51}

Jun 04 2024 20:20:20
{"type":2,"message":"Undefined array key 2","file":"D:\\LOGICIEL\\xamp\\htdocs\\wordpress\\wp-content\\plugins\\hostinger\\hostinger.php","line":51}

Jun 04 2024 20:20:21
{"type":2,"message":"Undefined array key 2","file":"D:\\LOGICIEL\\xamp\\htdocs\\wordpress\\wp-content\\plugins\\hostinger\\hostinger.php","line":51}

Jun 04 2024 20:20:21
{"type":2,"message":"Undefined array key 2","file":"D:\\LOGICIEL\\xamp\\htdocs\\wordpress\\wp-content\\plugins\\hostinger\\hostinger.php","line":51}

Jun 04 2024 20:20:22
{"type":2,"message":"Undefined array key 2","file":"D:\\LOGICIEL\\xamp\\htdocs\\wordpress\\wp-content\\plugins\\hostinger\\hostinger.php","line":51}

Jun 04 2024 20:20:23
{"type":2,"message":"Undefined array key 2","file":"D:\\LOGICIEL\\xamp\\htdocs\\wordpress\\wp-content\\plugins\\hostinger\\hostinger.php","line":51}

Jun 04 2024 20:20:23
{"type":2,"message":"Undefined array key 2","file":"D:\\LOGICIEL\\xamp\\htdocs\\wordpress\\wp-content\\plugins\\hostinger\\hostinger.php","line":51}

Jun 04 2024 20:20:24
{"type":2,"message":"Undefined array key 2","file":"D:\\LOGICIEL\\xamp\\htdocs\\wordpress\\wp-content\\plugins\\hostinger\\hostinger.php","line":51}

Jun 04 2024 20:20:25
{"type":2,"message":"Undefined array key 2","file":"D:\\LOGICIEL\\xamp\\htdocs\\wordpress\\wp-content\\plugins\\hostinger\\hostinger.php","line":51}

Jun 04 2024 20:20:25
{"type":2,"message":"Undefined array key 2","file":"D:\\LOGICIEL\\xamp\\htdocs\\wordpress\\wp-content\\plugins\\hostinger\\hostinger.php","line":51}

Jun 04 2024 20:20:26
{"type":2,"message":"Undefined array key 2","file":"D:\\LOGICIEL\\xamp\\htdocs\\wordpress\\wp-content\\plugins\\hostinger\\hostinger.php","line":51}

Jun 04 2024 20:20:27
{"type":2,"message":"Undefined array key 2","file":"D:\\LOGICIEL\\xamp\\htdocs\\wordpress\\wp-content\\plugins\\hostinger\\hostinger.php","line":51}

Jun 04 2024 20:20:28
{"type":2,"message":"Undefined array key 2","file":"D:\\LOGICIEL\\xamp\\htdocs\\wordpress\\wp-content\\plugins\\hostinger\\hostinger.php","line":51}

Jun 04 2024 20:20:29
{"type":2,"message":"Undefined array key 2","file":"D:\\LOGICIEL\\xamp\\htdocs\\wordpress\\wp-content\\plugins\\hostinger\\hostinger.php","line":51}

Jun 04 2024 20:20:29
{"type":2,"message":"Undefined array key 2","file":"D:\\LOGICIEL\\xamp\\htdocs\\wordpress\\wp-content\\plugins\\hostinger\\hostinger.php","line":51}

Jun 04 2024 20:20:30
{"type":2,"message":"Undefined array key 2","file":"D:\\LOGICIEL\\xamp\\htdocs\\wordpress\\wp-content\\plugins\\hostinger\\hostinger.php","line":51}

Jun 04 2024 20:20:31
{"type":2,"message":"Undefined array key 2","file":"D:\\LOGICIEL\\xamp\\htdocs\\wordpress\\wp-content\\plugins\\hostinger\\hostinger.php","line":51}

Jun 04 2024 20:20:31
{"type":2,"message":"Undefined array key 2","file":"D:\\LOGICIEL\\xamp\\htdocs\\wordpress\\wp-content\\plugins\\hostinger\\hostinger.php","line":51}

Jun 04 2024 20:20:32
{"type":2,"message":"Undefined array key 2","file":"D:\\LOGICIEL\\xamp\\htdocs\\wordpress\\wp-content\\plugins\\hostinger\\hostinger.php","line":51}

Jun 04 2024 20:20:33
{"type":2,"message":"Undefined array key 2","file":"D:\\LOGICIEL\\xamp\\htdocs\\wordpress\\wp-content\\plugins\\hostinger\\hostinger.php","line":51}

Jun 04 2024 20:20:34
{"type":2,"message":"Undefined array key 2","file":"D:\\LOGICIEL\\xamp\\htdocs\\wordpress\\wp-content\\plugins\\hostinger\\hostinger.php","line":51}

Jun 04 2024 20:20:34
{"type":2,"message":"Undefined array key 2","file":"D:\\LOGICIEL\\xamp\\htdocs\\wordpress\\wp-content\\plugins\\hostinger\\hostinger.php","line":51}

Jun 04 2024 20:20:35
{"type":2,"message":"Undefined array key 2","file":"D:\\LOGICIEL\\xamp\\htdocs\\wordpress\\wp-content\\plugins\\hostinger\\hostinger.php","line":51}

Jun 04 2024 20:20:36
{"type":2,"message":"Undefined array key 2","file":"D:\\LOGICIEL\\xamp\\htdocs\\wordpress\\wp-content\\plugins\\hostinger\\hostinger.php","line":51}

Jun 04 2024 20:20:36
{"type":2,"message":"Undefined array key 2","file":"D:\\LOGICIEL\\xamp\\htdocs\\wordpress\\wp-content\\plugins\\hostinger\\hostinger.php","line":51}

Jun 04 2024 20:20:37
{"type":2,"message":"Undefined array key 2","file":"D:\\LOGICIEL\\xamp\\htdocs\\wordpress\\wp-content\\plugins\\hostinger\\hostinger.php","line":51}

Jun 04 2024 20:20:38
{"type":2,"message":"Undefined array key 2","file":"D:\\LOGICIEL\\xamp\\htdocs\\wordpress\\wp-content\\plugins\\hostinger\\hostinger.php","line":51}

Jun 04 2024 20:20:38
{"type":2,"message":"Undefined array key 2","file":"D:\\LOGICIEL\\xamp\\htdocs\\wordpress\\wp-content\\plugins\\hostinger\\hostinger.php","line":51}

Jun 04 2024 20:20:39
{"type":2,"message":"Undefined array key 2","file":"D:\\LOGICIEL\\xamp\\htdocs\\wordpress\\wp-content\\plugins\\hostinger\\hostinger.php","line":51}

Jun 04 2024 20:20:40
{"type":2,"message":"Undefined array key 2","file":"D:\\LOGICIEL\\xamp\\htdocs\\wordpress\\wp-content\\plugins\\hostinger\\hostinger.php","line":51}

Jun 04 2024 20:20:40
{"type":2,"message":"Undefined array key 2","file":"D:\\LOGICIEL\\xamp\\htdocs\\wordpress\\wp-content\\plugins\\hostinger\\hostinger.php","line":51}

Jun 04 2024 20:20:41
{"type":2,"message":"Undefined array key 2","file":"D:\\LOGICIEL\\xamp\\htdocs\\wordpress\\wp-content\\plugins\\hostinger\\hostinger.php","line":51}

Jun 04 2024 20:20:42
{"type":2,"message":"Undefined array key 2","file":"D:\\LOGICIEL\\xamp\\htdocs\\wordpress\\wp-content\\plugins\\hostinger\\hostinger.php","line":51}

Jun 04 2024 20:20:43
{"type":2,"message":"Undefined array key 2","file":"D:\\LOGICIEL\\xamp\\htdocs\\wordpress\\wp-content\\plugins\\hostinger\\hostinger.php","line":51}

Jun 04 2024 20:20:44
{"type":2,"message":"Undefined array key 2","file":"D:\\LOGICIEL\\xamp\\htdocs\\wordpress\\wp-content\\plugins\\hostinger\\hostinger.php","line":51}

Jun 04 2024 20:21:17
{"type":2,"message":"Undefined array key 2","file":"D:\\LOGICIEL\\xamp\\htdocs\\wordpress\\wp-content\\plugins\\hostinger\\hostinger.php","line":51}

Jun 04 2024 20:21:18
{"type":2,"message":"Undefined array key 2","file":"D:\\LOGICIEL\\xamp\\htdocs\\wordpress\\wp-content\\plugins\\hostinger\\hostinger.php","line":51}

Jun 04 2024 20:21:29
{"type":2,"message":"Undefined array key 2","file":"D:\\LOGICIEL\\xamp\\htdocs\\wordpress\\wp-content\\plugins\\hostinger\\hostinger.php","line":51}

Jun 04 2024 20:21:33
{"type":2,"message":"Undefined array key 2","file":"D:\\LOGICIEL\\xamp\\htdocs\\wordpress\\wp-content\\plugins\\hostinger\\hostinger.php","line":51}

Jun 04 2024 20:21:34
{"type":2,"message":"Undefined array key 2","file":"D:\\LOGICIEL\\xamp\\htdocs\\wordpress\\wp-content\\plugins\\hostinger\\hostinger.php","line":51}

Jun 04 2024 20:21:35
{"Number":8192,"Message":"rtrim(): Passing null to parameter #1 ($string) of type string is deprecated","File":"D:\\LOGICIEL\\xamp\\htdocs\\wordpress\\wp-includes\\formatting.php","Line":2831}

Jun 04 2024 20:21:35
{"Number":8192,"Message":"rtrim(): Passing null to parameter #1 ($string) of type string is deprecated","File":"D:\\LOGICIEL\\xamp\\htdocs\\wordpress\\wp-includes\\formatting.php","Line":2831}

Jun 04 2024 20:21:35
{"Number":8192,"Message":"rtrim(): Passing null to parameter #1 ($string) of type string is deprecated","File":"D:\\LOGICIEL\\xamp\\htdocs\\wordpress\\wp-includes\\formatting.php","Line":2831}

Jun 04 2024 20:21:35
{"Number":8192,"Message":"rtrim(): Passing null to parameter #1 ($string) of type string is deprecated","File":"D:\\LOGICIEL\\xamp\\htdocs\\wordpress\\wp-includes\\formatting.php","Line":2831}

Jun 04 2024 20:21:35
{"Number":8192,"Message":"rtrim(): Passing null to parameter #1 ($string) of type string is deprecated","File":"D:\\LOGICIEL\\xamp\\htdocs\\wordpress\\wp-includes\\formatting.php","Line":2831}

Jun 04 2024 20:21:35
{"Number":8192,"Message":"rtrim(): Passing null to parameter #1 ($string) of type string is deprecated","File":"D:\\LOGICIEL\\xamp\\htdocs\\wordpress\\wp-includes\\formatting.php","Line":2831}

Jun 04 2024 20:21:35
{"Number":8192,"Message":"rtrim(): Passing null to parameter #1 ($string) of type string is deprecated","File":"D:\\LOGICIEL\\xamp\\htdocs\\wordpress\\wp-includes\\formatting.php","Line":2831}

Jun 04 2024 20:21:35
{"Number":8192,"Message":"rtrim(): Passing null to parameter #1 ($string) of type string is deprecated","File":"D:\\LOGICIEL\\xamp\\htdocs\\wordpress\\wp-includes\\formatting.php","Line":2831}

Jun 04 2024 20:21:35
{"Number":8192,"Message":"rtrim(): Passing null to parameter #1 ($string) of type string is deprecated","File":"D:\\LOGICIEL\\xamp\\htdocs\\wordpress\\wp-includes\\formatting.php","Line":2831}

Jun 04 2024 20:21:35
{"Number":8192,"Message":"rtrim(): Passing null to parameter #1 ($string) of type string is deprecated","File":"D:\\LOGICIEL\\xamp\\htdocs\\wordpress\\wp-includes\\formatting.php","Line":2831}

Jun 04 2024 20:21:35
{"Number":8192,"Message":"rtrim(): Passing null to parameter #1 ($string) of type string is deprecated","File":"D:\\LOGICIEL\\xamp\\htdocs\\wordpress\\wp-includes\\formatting.php","Line":2831}

Jun 04 2024 20:21:35
{"Number":8192,"Message":"rtrim(): Passing null to parameter #1 ($string) of type string is deprecated","File":"D:\\LOGICIEL\\xamp\\htdocs\\wordpress\\wp-includes\\formatting.php","Line":2831}

Jun 04 2024 20:21:35
{"Number":8192,"Message":"rtrim(): Passing null to parameter #1 ($string) of type string is deprecated","File":"D:\\LOGICIEL\\xamp\\htdocs\\wordpress\\wp-includes\\formatting.php","Line":2831}

Jun 04 2024 20:21:35
{"Number":8192,"Message":"rtrim(): Passing null to parameter #1 ($string) of type string is deprecated","File":"D:\\LOGICIEL\\xamp\\htdocs\\wordpress\\wp-includes\\formatting.php","Line":2831}

Jun 04 2024 20:21:35
{"Number":8192,"Message":"rtrim(): Passing null to parameter #1 ($string) of type string is deprecated","File":"D:\\LOGICIEL\\xamp\\htdocs\\wordpress\\wp-includes\\formatting.php","Line":2831}

Jun 04 2024 20:21:35
{"Number":8192,"Message":"rtrim(): Passing null to parameter #1 ($string) of type string is deprecated","File":"D:\\LOGICIEL\\xamp\\htdocs\\wordpress\\wp-includes\\formatting.php","Line":2831}

Jun 04 2024 20:21:35
{"Number":8192,"Message":"rtrim(): Passing null to parameter #1 ($string) of type string is deprecated","File":"D:\\LOGICIEL\\xamp\\htdocs\\wordpress\\wp-includes\\formatting.php","Line":2831}

Jun 04 2024 20:21:35
{"Number":8192,"Message":"rtrim(): Passing null to parameter #1 ($string) of type string is deprecated","File":"D:\\LOGICIEL\\xamp\\htdocs\\wordpress\\wp-includes\\formatting.php","Line":2831}

Jun 04 2024 20:21:35
{"Number":8192,"Message":"rtrim(): Passing null to parameter #1 ($string) of type string is deprecated","File":"D:\\LOGICIEL\\xamp\\htdocs\\wordpress\\wp-includes\\formatting.php","Line":2831}

Jun 04 2024 20:21:35
{"Number":8192,"Message":"rtrim(): Passing null to parameter #1 ($string) of type string is deprecated","File":"D:\\LOGICIEL\\xamp\\htdocs\\wordpress\\wp-includes\\formatting.php","Line":2831}

Jun 04 2024 20:21:35
{"Number":8192,"Message":"rtrim(): Passing null to parameter #1 ($string) of type string is deprecated","File":"D:\\LOGICIEL\\xamp\\htdocs\\wordpress\\wp-includes\\formatting.php","Line":2831}

Jun 04 2024 20:21:35
{"Number":8192,"Message":"rtrim(): Passing null to parameter #1 ($string) of type string is deprecated","File":"D:\\LOGICIEL\\xamp\\htdocs\\wordpress\\wp-includes\\formatting.php","Line":2831}

Jun 04 2024 20:21:35
{"Number":8192,"Message":"rtrim(): Passing null to parameter #1 ($string) of type string is deprecated","File":"D:\\LOGICIEL\\xamp\\htdocs\\wordpress\\wp-includes\\formatting.php","Line":2831}

Jun 04 2024 20:21:35
{"Number":8192,"Message":"rtrim(): Passing null to parameter #1 ($string) of type string is deprecated","File":"D:\\LOGICIEL\\xamp\\htdocs\\wordpress\\wp-includes\\formatting.php","Line":2831}

Jun 04 2024 20:21:35
{"Number":8192,"Message":"rtrim(): Passing null to parameter #1 ($string) of type string is deprecated","File":"D:\\LOGICIEL\\xamp\\htdocs\\wordpress\\wp-includes\\formatting.php","Line":2831}

Jun 04 2024 20:21:35
{"Number":8192,"Message":"rtrim(): Passing null to parameter #1 ($string) of type string is deprecated","File":"D:\\LOGICIEL\\xamp\\htdocs\\wordpress\\wp-includes\\formatting.php","Line":2831}

Jun 04 2024 20:21:35
{"Number":8192,"Message":"rtrim(): Passing null to parameter #1 ($string) of type string is deprecated","File":"D:\\LOGICIEL\\xamp\\htdocs\\wordpress\\wp-includes\\formatting.php","Line":2831}

Jun 04 2024 20:21:35
{"Number":8192,"Message":"rtrim(): Passing null to parameter #1 ($string) of type string is deprecated","File":"D:\\LOGICIEL\\xamp\\htdocs\\wordpress\\wp-includes\\formatting.php","Line":2831}

Jun 04 2024 20:21:35
{"Number":8192,"Message":"rtrim(): Passing null to parameter #1 ($string) of type string is deprecated","File":"D:\\LOGICIEL\\xamp\\htdocs\\wordpress\\wp-includes\\formatting.php","Line":2831}

Jun 04 2024 20:21:35
{"Number":8192,"Message":"rtrim(): Passing null to parameter #1 ($string) of type string is deprecated","File":"D:\\LOGICIEL\\xamp\\htdocs\\wordpress\\wp-includes\\formatting.php","Line":2831}

Jun 04 2024 20:21:35
{"Number":8192,"Message":"Creation of dynamic property Ai1wm_Database_Mysqli::$old_replace_raw_values is deprecated","File":"D:\\LOGICIEL\\xamp\\htdocs\\wordpress\\wp-content\\plugins\\All-In-One-WP-Migration-With-Import-master\\lib\\vendor\\servmask\\database\\class-ai1wm-database.php","Line":300}

Jun 04 2024 20:21:35
{"Number":8192,"Message":"Creation of dynamic property Ai1wm_Database_Mysqli::$new_replace_raw_values is deprecated","File":"D:\\LOGICIEL\\xamp\\htdocs\\wordpress\\wp-content\\plugins\\All-In-One-WP-Migration-With-Import-master\\lib\\vendor\\servmask\\database\\class-ai1wm-database.php","Line":321}

Jun 04 2024 20:21:47
{"type":2,"message":"Undefined array key 2","file":"D:\\LOGICIEL\\xamp\\htdocs\\wordpress\\wp-content\\plugins\\hostinger\\hostinger.php","line":51}

Jun 04 2024 20:21:49
{"Number":8192,"Message":"rtrim(): Passing null to parameter #1 ($string) of type string is deprecated","File":"D:\\LOGICIEL\\xamp\\htdocs\\wordpress\\wp-includes\\formatting.php","Line":2831}

Jun 04 2024 20:21:49
{"Number":8192,"Message":"rtrim(): Passing null to parameter #1 ($string) of type string is deprecated","File":"D:\\LOGICIEL\\xamp\\htdocs\\wordpress\\wp-includes\\formatting.php","Line":2831}

Jun 04 2024 20:21:49
{"Number":8192,"Message":"rtrim(): Passing null to parameter #1 ($string) of type string is deprecated","File":"D:\\LOGICIEL\\xamp\\htdocs\\wordpress\\wp-includes\\formatting.php","Line":2831}

Jun 04 2024 20:21:49
{"Number":8192,"Message":"rtrim(): Passing null to parameter #1 ($string) of type string is deprecated","File":"D:\\LOGICIEL\\xamp\\htdocs\\wordpress\\wp-includes\\formatting.php","Line":2831}

Jun 04 2024 20:21:49
{"Number":8192,"Message":"rtrim(): Passing null to parameter #1 ($string) of type string is deprecated","File":"D:\\LOGICIEL\\xamp\\htdocs\\wordpress\\wp-includes\\formatting.php","Line":2831}

Jun 04 2024 20:21:49
{"Number":8192,"Message":"rtrim(): Passing null to parameter #1 ($string) of type string is deprecated","File":"D:\\LOGICIEL\\xamp\\htdocs\\wordpress\\wp-includes\\formatting.php","Line":2831}

Jun 04 2024 20:21:49
{"Number":8192,"Message":"rtrim(): Passing null to parameter #1 ($string) of type string is deprecated","File":"D:\\LOGICIEL\\xamp\\htdocs\\wordpress\\wp-includes\\formatting.php","Line":2831}

Jun 04 2024 20:21:49
{"Number":8192,"Message":"rtrim(): Passing null to parameter #1 ($string) of type string is deprecated","File":"D:\\LOGICIEL\\xamp\\htdocs\\wordpress\\wp-includes\\formatting.php","Line":2831}

Jun 04 2024 20:21:49
{"Number":8192,"Message":"rtrim(): Passing null to parameter #1 ($string) of type string is deprecated","File":"D:\\LOGICIEL\\xamp\\htdocs\\wordpress\\wp-includes\\formatting.php","Line":2831}

Jun 04 2024 20:21:49
{"Number":8192,"Message":"rtrim(): Passing null to parameter #1 ($string) of type string is deprecated","File":"D:\\LOGICIEL\\xamp\\htdocs\\wordpress\\wp-includes\\formatting.php","Line":2831}

Jun 04 2024 20:21:49
{"Number":8192,"Message":"rtrim(): Passing null to parameter #1 ($string) of type string is deprecated","File":"D:\\LOGICIEL\\xamp\\htdocs\\wordpress\\wp-includes\\formatting.php","Line":2831}

Jun 04 2024 20:21:49
{"Number":8192,"Message":"rtrim(): Passing null to parameter #1 ($string) of type string is deprecated","File":"D:\\LOGICIEL\\xamp\\htdocs\\wordpress\\wp-includes\\formatting.php","Line":2831}

Jun 04 2024 20:21:49
{"Number":8192,"Message":"rtrim(): Passing null to parameter #1 ($string) of type string is deprecated","File":"D:\\LOGICIEL\\xamp\\htdocs\\wordpress\\wp-includes\\formatting.php","Line":2831}

Jun 04 2024 20:21:49
{"Number":8192,"Message":"rtrim(): Passing null to parameter #1 ($string) of type string is deprecated","File":"D:\\LOGICIEL\\xamp\\htdocs\\wordpress\\wp-includes\\formatting.php","Line":2831}

Jun 04 2024 20:21:49
{"Number":8192,"Message":"rtrim(): Passing null to parameter #1 ($string) of type string is deprecated","File":"D:\\LOGICIEL\\xamp\\htdocs\\wordpress\\wp-includes\\formatting.php","Line":2831}

Jun 04 2024 20:21:49
{"Number":8192,"Message":"rtrim(): Passing null to parameter #1 ($string) of type string is deprecated","File":"D:\\LOGICIEL\\xamp\\htdocs\\wordpress\\wp-includes\\formatting.php","Line":2831}

Jun 04 2024 20:21:49
{"Number":8192,"Message":"rtrim(): Passing null to parameter #1 ($string) of type string is deprecated","File":"D:\\LOGICIEL\\xamp\\htdocs\\wordpress\\wp-includes\\formatting.php","Line":2831}

Jun 04 2024 20:21:49
{"Number":8192,"Message":"rtrim(): Passing null to parameter #1 ($string) of type string is deprecated","File":"D:\\LOGICIEL\\xamp\\htdocs\\wordpress\\wp-includes\\formatting.php","Line":2831}

Jun 04 2024 20:21:49
{"Number":8192,"Message":"rtrim(): Passing null to parameter #1 ($string) of type string is deprecated","File":"D:\\LOGICIEL\\xamp\\htdocs\\wordpress\\wp-includes\\formatting.php","Line":2831}

Jun 04 2024 20:21:49
{"Number":8192,"Message":"rtrim(): Passing null to parameter #1 ($string) of type string is deprecated","File":"D:\\LOGICIEL\\xamp\\htdocs\\wordpress\\wp-includes\\formatting.php","Line":2831}

Jun 04 2024 20:21:49
{"Number":8192,"Message":"rtrim(): Passing null to parameter #1 ($string) of type string is deprecated","File":"D:\\LOGICIEL\\xamp\\htdocs\\wordpress\\wp-includes\\formatting.php","Line":2831}

Jun 04 2024 20:21:49
{"Number":8192,"Message":"rtrim(): Passing null to parameter #1 ($string) of type string is deprecated","File":"D:\\LOGICIEL\\xamp\\htdocs\\wordpress\\wp-includes\\formatting.php","Line":2831}

Jun 04 2024 20:21:49
{"Number":8192,"Message":"rtrim(): Passing null to parameter #1 ($string) of type string is deprecated","File":"D:\\LOGICIEL\\xamp\\htdocs\\wordpress\\wp-includes\\formatting.php","Line":2831}

Jun 04 2024 20:21:49
{"Number":8192,"Message":"rtrim(): Passing null to parameter #1 ($string) of type string is deprecated","File":"D:\\LOGICIEL\\xamp\\htdocs\\wordpress\\wp-includes\\formatting.php","Line":2831}

Jun 04 2024 20:21:49
{"Number":8192,"Message":"rtrim(): Passing null to parameter #1 ($string) of type string is deprecated","File":"D:\\LOGICIEL\\xamp\\htdocs\\wordpress\\wp-includes\\formatting.php","Line":2831}

Jun 04 2024 20:21:49
{"Number":8192,"Message":"rtrim(): Passing null to parameter #1 ($string) of type string is deprecated","File":"D:\\LOGICIEL\\xamp\\htdocs\\wordpress\\wp-includes\\formatting.php","Line":2831}

Jun 04 2024 20:21:49
{"Number":8192,"Message":"rtrim(): Passing null to parameter #1 ($string) of type string is deprecated","File":"D:\\LOGICIEL\\xamp\\htdocs\\wordpress\\wp-includes\\formatting.php","Line":2831}

Jun 04 2024 20:21:49
{"Number":8192,"Message":"rtrim(): Passing null to parameter #1 ($string) of type string is deprecated","File":"D:\\LOGICIEL\\xamp\\htdocs\\wordpress\\wp-includes\\formatting.php","Line":2831}

Jun 04 2024 20:21:49
{"Number":8192,"Message":"rtrim(): Passing null to parameter #1 ($string) of type string is deprecated","File":"D:\\LOGICIEL\\xamp\\htdocs\\wordpress\\wp-includes\\formatting.php","Line":2831}

Jun 04 2024 20:21:49
{"Number":8192,"Message":"rtrim(): Passing null to parameter #1 ($string) of type string is deprecated","File":"D:\\LOGICIEL\\xamp\\htdocs\\wordpress\\wp-includes\\formatting.php","Line":2831}

Jun 04 2024 20:21:49
{"Number":8192,"Message":"Creation of dynamic property Ai1wm_Database_Mysqli::$old_replace_raw_values is deprecated","File":"D:\\LOGICIEL\\xamp\\htdocs\\wordpress\\wp-content\\plugins\\All-In-One-WP-Migration-With-Import-master\\lib\\vendor\\servmask\\database\\class-ai1wm-database.php","Line":300}

Jun 04 2024 20:21:49
{"Number":8192,"Message":"Creation of dynamic property Ai1wm_Database_Mysqli::$new_replace_raw_values is deprecated","File":"D:\\LOGICIEL\\xamp\\htdocs\\wordpress\\wp-content\\plugins\\All-In-One-WP-Migration-With-Import-master\\lib\\vendor\\servmask\\database\\class-ai1wm-database.php","Line":321}

Jun 04 2024 20:21:59
{"type":2,"message":"Undefined array key 2","file":"D:\\LOGICIEL\\xamp\\htdocs\\wordpress\\wp-content\\plugins\\hostinger\\hostinger.php","line":51}

Jun 04 2024 20:22:00
{"Number":8192,"Message":"rtrim(): Passing null to parameter #1 ($string) of type string is deprecated","File":"D:\\LOGICIEL\\xamp\\htdocs\\wordpress\\wp-includes\\formatting.php","Line":2831}

Jun 04 2024 20:22:00
{"Number":8192,"Message":"rtrim(): Passing null to parameter #1 ($string) of type string is deprecated","File":"D:\\LOGICIEL\\xamp\\htdocs\\wordpress\\wp-includes\\formatting.php","Line":2831}

Jun 04 2024 20:22:00
{"Number":8192,"Message":"rtrim(): Passing null to parameter #1 ($string) of type string is deprecated","File":"D:\\LOGICIEL\\xamp\\htdocs\\wordpress\\wp-includes\\formatting.php","Line":2831}

Jun 04 2024 20:22:00
{"Number":8192,"Message":"rtrim(): Passing null to parameter #1 ($string) of type string is deprecated","File":"D:\\LOGICIEL\\xamp\\htdocs\\wordpress\\wp-includes\\formatting.php","Line":2831}

Jun 04 2024 20:22:00
{"Number":8192,"Message":"rtrim(): Passing null to parameter #1 ($string) of type string is deprecated","File":"D:\\LOGICIEL\\xamp\\htdocs\\wordpress\\wp-includes\\formatting.php","Line":2831}

Jun 04 2024 20:22:00
{"Number":8192,"Message":"rtrim(): Passing null to parameter #1 ($string) of type string is deprecated","File":"D:\\LOGICIEL\\xamp\\htdocs\\wordpress\\wp-includes\\formatting.php","Line":2831}

Jun 04 2024 20:22:00
{"Number":8192,"Message":"rtrim(): Passing null to parameter #1 ($string) of type string is deprecated","File":"D:\\LOGICIEL\\xamp\\htdocs\\wordpress\\wp-includes\\formatting.php","Line":2831}

Jun 04 2024 20:22:00
{"Number":8192,"Message":"rtrim(): Passing null to parameter #1 ($string) of type string is deprecated","File":"D:\\LOGICIEL\\xamp\\htdocs\\wordpress\\wp-includes\\formatting.php","Line":2831}

Jun 04 2024 20:22:00
{"Number":8192,"Message":"rtrim(): Passing null to parameter #1 ($string) of type string is deprecated","File":"D:\\LOGICIEL\\xamp\\htdocs\\wordpress\\wp-includes\\formatting.php","Line":2831}

Jun 04 2024 20:22:00
{"Number":8192,"Message":"rtrim(): Passing null to parameter #1 ($string) of type string is deprecated","File":"D:\\LOGICIEL\\xamp\\htdocs\\wordpress\\wp-includes\\formatting.php","Line":2831}

Jun 04 2024 20:22:00
{"Number":8192,"Message":"rtrim(): Passing null to parameter #1 ($string) of type string is deprecated","File":"D:\\LOGICIEL\\xamp\\htdocs\\wordpress\\wp-includes\\formatting.php","Line":2831}

Jun 04 2024 20:22:00
{"Number":8192,"Message":"rtrim(): Passing null to parameter #1 ($string) of type string is deprecated","File":"D:\\LOGICIEL\\xamp\\htdocs\\wordpress\\wp-includes\\formatting.php","Line":2831}

Jun 04 2024 20:22:00
{"Number":8192,"Message":"rtrim(): Passing null to parameter #1 ($string) of type string is deprecated","File":"D:\\LOGICIEL\\xamp\\htdocs\\wordpress\\wp-includes\\formatting.php","Line":2831}

Jun 04 2024 20:22:00
{"Number":8192,"Message":"rtrim(): Passing null to parameter #1 ($string) of type string is deprecated","File":"D:\\LOGICIEL\\xamp\\htdocs\\wordpress\\wp-includes\\formatting.php","Line":2831}

Jun 04 2024 20:22:00
{"Number":8192,"Message":"rtrim(): Passing null to parameter #1 ($string) of type string is deprecated","File":"D:\\LOGICIEL\\xamp\\htdocs\\wordpress\\wp-includes\\formatting.php","Line":2831}

Jun 04 2024 20:22:00
{"Number":8192,"Message":"rtrim(): Passing null to parameter #1 ($string) of type string is deprecated","File":"D:\\LOGICIEL\\xamp\\htdocs\\wordpress\\wp-includes\\formatting.php","Line":2831}

Jun 04 2024 20:22:00
{"Number":8192,"Message":"rtrim(): Passing null to parameter #1 ($string) of type string is deprecated","File":"D:\\LOGICIEL\\xamp\\htdocs\\wordpress\\wp-includes\\formatting.php","Line":2831}

Jun 04 2024 20:22:00
{"Number":8192,"Message":"rtrim(): Passing null to parameter #1 ($string) of type string is deprecated","File":"D:\\LOGICIEL\\xamp\\htdocs\\wordpress\\wp-includes\\formatting.php","Line":2831}

Jun 04 2024 20:22:00
{"Number":8192,"Message":"rtrim(): Passing null to parameter #1 ($string) of type string is deprecated","File":"D:\\LOGICIEL\\xamp\\htdocs\\wordpress\\wp-includes\\formatting.php","Line":2831}

Jun 04 2024 20:22:00
{"Number":8192,"Message":"rtrim(): Passing null to parameter #1 ($string) of type string is deprecated","File":"D:\\LOGICIEL\\xamp\\htdocs\\wordpress\\wp-includes\\formatting.php","Line":2831}

Jun 04 2024 20:22:00
{"Number":8192,"Message":"rtrim(): Passing null to parameter #1 ($string) of type string is deprecated","File":"D:\\LOGICIEL\\xamp\\htdocs\\wordpress\\wp-includes\\formatting.php","Line":2831}

Jun 04 2024 20:22:00
{"Number":8192,"Message":"rtrim(): Passing null to parameter #1 ($string) of type string is deprecated","File":"D:\\LOGICIEL\\xamp\\htdocs\\wordpress\\wp-includes\\formatting.php","Line":2831}

Jun 04 2024 20:22:00
{"Number":8192,"Message":"rtrim(): Passing null to parameter #1 ($string) of type string is deprecated","File":"D:\\LOGICIEL\\xamp\\htdocs\\wordpress\\wp-includes\\formatting.php","Line":2831}

Jun 04 2024 20:22:00
{"Number":8192,"Message":"rtrim(): Passing null to parameter #1 ($string) of type string is deprecated","File":"D:\\LOGICIEL\\xamp\\htdocs\\wordpress\\wp-includes\\formatting.php","Line":2831}

Jun 04 2024 20:22:00
{"Number":8192,"Message":"rtrim(): Passing null to parameter #1 ($string) of type string is deprecated","File":"D:\\LOGICIEL\\xamp\\htdocs\\wordpress\\wp-includes\\formatting.php","Line":2831}

Jun 04 2024 20:22:00
{"Number":8192,"Message":"rtrim(): Passing null to parameter #1 ($string) of type string is deprecated","File":"D:\\LOGICIEL\\xamp\\htdocs\\wordpress\\wp-includes\\formatting.php","Line":2831}

Jun 04 2024 20:22:00
{"Number":8192,"Message":"rtrim(): Passing null to parameter #1 ($string) of type string is deprecated","File":"D:\\LOGICIEL\\xamp\\htdocs\\wordpress\\wp-includes\\formatting.php","Line":2831}

Jun 04 2024 20:22:00
{"Number":8192,"Message":"rtrim(): Passing null to parameter #1 ($string) of type string is deprecated","File":"D:\\LOGICIEL\\xamp\\htdocs\\wordpress\\wp-includes\\formatting.php","Line":2831}

Jun 04 2024 20:22:00
{"Number":8192,"Message":"rtrim(): Passing null to parameter #1 ($string) of type string is deprecated","File":"D:\\LOGICIEL\\xamp\\htdocs\\wordpress\\wp-includes\\formatting.php","Line":2831}

Jun 04 2024 20:22:00
{"Number":8192,"Message":"rtrim(): Passing null to parameter #1 ($string) of type string is deprecated","File":"D:\\LOGICIEL\\xamp\\htdocs\\wordpress\\wp-includes\\formatting.php","Line":2831}

Jun 04 2024 20:22:00
{"Number":8192,"Message":"Creation of dynamic property Ai1wm_Database_Mysqli::$old_replace_raw_values is deprecated","File":"D:\\LOGICIEL\\xamp\\htdocs\\wordpress\\wp-content\\plugins\\All-In-One-WP-Migration-With-Import-master\\lib\\vendor\\servmask\\database\\class-ai1wm-database.php","Line":300}

Jun 04 2024 20:22:00
{"Number":8192,"Message":"Creation of dynamic property Ai1wm_Database_Mysqli::$new_replace_raw_values is deprecated","File":"D:\\LOGICIEL\\xamp\\htdocs\\wordpress\\wp-content\\plugins\\All-In-One-WP-Migration-With-Import-master\\lib\\vendor\\servmask\\database\\class-ai1wm-database.php","Line":321}

Jun 04 2024 20:22:12
{"type":2,"message":"Undefined array key 2","file":"D:\\LOGICIEL\\xamp\\htdocs\\wordpress\\wp-content\\plugins\\hostinger\\hostinger.php","line":51}

Jun 04 2024 20:22:12
{"Number":8192,"Message":"rtrim(): Passing null to parameter #1 ($string) of type string is deprecated","File":"D:\\LOGICIEL\\xamp\\htdocs\\wordpress\\wp-includes\\formatting.php","Line":2831}

Jun 04 2024 20:22:12
{"Number":8192,"Message":"rtrim(): Passing null to parameter #1 ($string) of type string is deprecated","File":"D:\\LOGICIEL\\xamp\\htdocs\\wordpress\\wp-includes\\formatting.php","Line":2831}

Jun 04 2024 20:22:12
{"Number":8192,"Message":"rtrim(): Passing null to parameter #1 ($string) of type string is deprecated","File":"D:\\LOGICIEL\\xamp\\htdocs\\wordpress\\wp-includes\\formatting.php","Line":2831}

Jun 04 2024 20:22:12
{"Number":8192,"Message":"rtrim(): Passing null to parameter #1 ($string) of type string is deprecated","File":"D:\\LOGICIEL\\xamp\\htdocs\\wordpress\\wp-includes\\formatting.php","Line":2831}

Jun 04 2024 20:22:12
{"Number":8192,"Message":"rtrim(): Passing null to parameter #1 ($string) of type string is deprecated","File":"D:\\LOGICIEL\\xamp\\htdocs\\wordpress\\wp-includes\\formatting.php","Line":2831}

Jun 04 2024 20:22:12
{"Number":8192,"Message":"rtrim(): Passing null to parameter #1 ($string) of type string is deprecated","File":"D:\\LOGICIEL\\xamp\\htdocs\\wordpress\\wp-includes\\formatting.php","Line":2831}

Jun 04 2024 20:22:12
{"Number":8192,"Message":"rtrim(): Passing null to parameter #1 ($string) of type string is deprecated","File":"D:\\LOGICIEL\\xamp\\htdocs\\wordpress\\wp-includes\\formatting.php","Line":2831}

Jun 04 2024 20:22:12
{"Number":8192,"Message":"rtrim(): Passing null to parameter #1 ($string) of type string is deprecated","File":"D:\\LOGICIEL\\xamp\\htdocs\\wordpress\\wp-includes\\formatting.php","Line":2831}

Jun 04 2024 20:22:12
{"Number":8192,"Message":"rtrim(): Passing null to parameter #1 ($string) of type string is deprecated","File":"D:\\LOGICIEL\\xamp\\htdocs\\wordpress\\wp-includes\\formatting.php","Line":2831}

Jun 04 2024 20:22:12
{"Number":8192,"Message":"rtrim(): Passing null to parameter #1 ($string) of type string is deprecated","File":"D:\\LOGICIEL\\xamp\\htdocs\\wordpress\\wp-includes\\formatting.php","Line":2831}

Jun 04 2024 20:22:12
{"Number":8192,"Message":"rtrim(): Passing null to parameter #1 ($string) of type string is deprecated","File":"D:\\LOGICIEL\\xamp\\htdocs\\wordpress\\wp-includes\\formatting.php","Line":2831}

Jun 04 2024 20:22:12
{"Number":8192,"Message":"rtrim(): Passing null to parameter #1 ($string) of type string is deprecated","File":"D:\\LOGICIEL\\xamp\\htdocs\\wordpress\\wp-includes\\formatting.php","Line":2831}

Jun 04 2024 20:22:12
{"Number":8192,"Message":"rtrim(): Passing null to parameter #1 ($string) of type string is deprecated","File":"D:\\LOGICIEL\\xamp\\htdocs\\wordpress\\wp-includes\\formatting.php","Line":2831}

Jun 04 2024 20:22:12
{"Number":8192,"Message":"rtrim(): Passing null to parameter #1 ($string) of type string is deprecated","File":"D:\\LOGICIEL\\xamp\\htdocs\\wordpress\\wp-includes\\formatting.php","Line":2831}

Jun 04 2024 20:22:12
{"Number":8192,"Message":"rtrim(): Passing null to parameter #1 ($string) of type string is deprecated","File":"D:\\LOGICIEL\\xamp\\htdocs\\wordpress\\wp-includes\\formatting.php","Line":2831}

Jun 04 2024 20:22:12
{"Number":8192,"Message":"rtrim(): Passing null to parameter #1 ($string) of type string is deprecated","File":"D:\\LOGICIEL\\xamp\\htdocs\\wordpress\\wp-includes\\formatting.php","Line":2831}

Jun 04 2024 20:22:12
{"Number":8192,"Message":"rtrim(): Passing null to parameter #1 ($string) of type string is deprecated","File":"D:\\LOGICIEL\\xamp\\htdocs\\wordpress\\wp-includes\\formatting.php","Line":2831}

Jun 04 2024 20:22:12
{"Number":8192,"Message":"rtrim(): Passing null to parameter #1 ($string) of type string is deprecated","File":"D:\\LOGICIEL\\xamp\\htdocs\\wordpress\\wp-includes\\formatting.php","Line":2831}

Jun 04 2024 20:22:12
{"Number":8192,"Message":"rtrim(): Passing null to parameter #1 ($string) of type string is deprecated","File":"D:\\LOGICIEL\\xamp\\htdocs\\wordpress\\wp-includes\\formatting.php","Line":2831}

Jun 04 2024 20:22:12
{"Number":8192,"Message":"rtrim(): Passing null to parameter #1 ($string) of type string is deprecated","File":"D:\\LOGICIEL\\xamp\\htdocs\\wordpress\\wp-includes\\formatting.php","Line":2831}

Jun 04 2024 20:22:12
{"Number":8192,"Message":"rtrim(): Passing null to parameter #1 ($string) of type string is deprecated","File":"D:\\LOGICIEL\\xamp\\htdocs\\wordpress\\wp-includes\\formatting.php","Line":2831}

Jun 04 2024 20:22:12
{"Number":8192,"Message":"rtrim(): Passing null to parameter #1 ($string) of type string is deprecated","File":"D:\\LOGICIEL\\xamp\\htdocs\\wordpress\\wp-includes\\formatting.php","Line":2831}

Jun 04 2024 20:22:12
{"Number":8192,"Message":"rtrim(): Passing null to parameter #1 ($string) of type string is deprecated","File":"D:\\LOGICIEL\\xamp\\htdocs\\wordpress\\wp-includes\\formatting.php","Line":2831}

Jun 04 2024 20:22:12
{"Number":8192,"Message":"rtrim(): Passing null to parameter #1 ($string) of type string is deprecated","File":"D:\\LOGICIEL\\xamp\\htdocs\\wordpress\\wp-includes\\formatting.php","Line":2831}

Jun 04 2024 20:22:12
{"Number":8192,"Message":"rtrim(): Passing null to parameter #1 ($string) of type string is deprecated","File":"D:\\LOGICIEL\\xamp\\htdocs\\wordpress\\wp-includes\\formatting.php","Line":2831}

Jun 04 2024 20:22:12
{"Number":8192,"Message":"rtrim(): Passing null to parameter #1 ($string) of type string is deprecated","File":"D:\\LOGICIEL\\xamp\\htdocs\\wordpress\\wp-includes\\formatting.php","Line":2831}

Jun 04 2024 20:22:12
{"Number":8192,"Message":"rtrim(): Passing null to parameter #1 ($string) of type string is deprecated","File":"D:\\LOGICIEL\\xamp\\htdocs\\wordpress\\wp-includes\\formatting.php","Line":2831}

Jun 04 2024 20:22:12
{"Number":8192,"Message":"rtrim(): Passing null to parameter #1 ($string) of type string is deprecated","File":"D:\\LOGICIEL\\xamp\\htdocs\\wordpress\\wp-includes\\formatting.php","Line":2831}

Jun 04 2024 20:22:12
{"Number":8192,"Message":"rtrim(): Passing null to parameter #1 ($string) of type string is deprecated","File":"D:\\LOGICIEL\\xamp\\htdocs\\wordpress\\wp-includes\\formatting.php","Line":2831}

Jun 04 2024 20:22:12
{"Number":8192,"Message":"rtrim(): Passing null to parameter #1 ($string) of type string is deprecated","File":"D:\\LOGICIEL\\xamp\\htdocs\\wordpress\\wp-includes\\formatting.php","Line":2831}

Jun 04 2024 20:22:12
{"Number":8192,"Message":"Creation of dynamic property Ai1wm_Database_Mysqli::$old_replace_raw_values is deprecated","File":"D:\\LOGICIEL\\xamp\\htdocs\\wordpress\\wp-content\\plugins\\All-In-One-WP-Migration-With-Import-master\\lib\\vendor\\servmask\\database\\class-ai1wm-database.php","Line":300}

Jun 04 2024 20:22:12
{"Number":8192,"Message":"Creation of dynamic property Ai1wm_Database_Mysqli::$new_replace_raw_values is deprecated","File":"D:\\LOGICIEL\\xamp\\htdocs\\wordpress\\wp-content\\plugins\\All-In-One-WP-Migration-With-Import-master\\lib\\vendor\\servmask\\database\\class-ai1wm-database.php","Line":321}

Jun 04 2024 20:22:21
{"type":8192,"message":"Return type of Ai1wm_Recursive_Newline_Filter::accept() should either be compatible with FilterIterator::accept(): bool, or the #[\\ReturnTypeWillChange] attribute should be used to temporarily suppress the notice","file":"D:\\LOGICIEL\\xamp\\htdocs\\wordpress\\wp-content\\plugins\\All-In-One-WP-Migration-With-Import-master\\lib\\vendor\\servmask\\filter\\class-ai1wm-recursive-newline-filter.php","line":28}

Jun 04 2024 20:22:22
{"type":8192,"message":"Return type of Ai1wm_Recursive_Newline_Filter::accept() should either be compatible with FilterIterator::accept(): bool, or the #[\\ReturnTypeWillChange] attribute should be used to temporarily suppress the notice","file":"D:\\LOGICIEL\\xamp\\htdocs\\wordpress\\wp-content\\plugins\\All-In-One-WP-Migration-With-Import-master\\lib\\vendor\\servmask\\filter\\class-ai1wm-recursive-newline-filter.php","line":28}

Jun 04 2024 20:22:24
{"type":2,"message":"Undefined array key 2","file":"D:\\LOGICIEL\\xamp\\htdocs\\wordpress\\wp-content\\plugins\\hostinger\\hostinger.php","line":51}

